/home/raphael/micro-orbiting/src/micro_orbiting_mpc/install/micro_orbiting_mpc/lib/python3.10/site-packages/micro_orbiting_mpc/__init__.py
/home/raphael/micro-orbiting/src/micro_orbiting_mpc/install/micro_orbiting_mpc/lib/python3.10/site-packages/micro_orbiting_mpc/init_node.py
/home/raphael/micro-orbiting/src/micro_orbiting_mpc/install/micro_orbiting_mpc/lib/python3.10/site-packages/micro_orbiting_mpc/spacecraft_mpc_node.py
/home/raphael/micro-orbiting/src/micro_orbiting_mpc/install/micro_orbiting_mpc/lib/python3.10/site-packages/micro_orbiting_mpc/viz_node.py
/home/raphael/micro-orbiting/src/micro_orbiting_mpc/install/micro_orbiting_mpc/lib/python3.10/site-packages/micro_orbiting_mpc/fault_simulation_node.py
/home/raphael/micro-orbiting/src/micro_orbiting_mpc/install/micro_orbiting_mpc/lib/python3.10/site-packages/micro_orbiting_mpc/viz_plan.py
/home/raphael/micro-orbiting/src/micro_orbiting_mpc/install/micro_orbiting_mpc/lib/python3.10/site-packages/micro_orbiting_mpc/test/__init__.py
/home/raphael/micro-orbiting/src/micro_orbiting_mpc/install/micro_orbiting_mpc/lib/python3.10/site-packages/micro_orbiting_mpc/test/dummy.py
/home/raphael/micro-orbiting/src/micro_orbiting_mpc/install/micro_orbiting_mpc/lib/python3.10/site-packages/micro_orbiting_mpc/controllers/state_constants.py
/home/raphael/micro-orbiting/src/micro_orbiting_mpc/install/micro_orbiting_mpc/lib/python3.10/site-packages/micro_orbiting_mpc/controllers/fb_linearizing_controller.py
/home/raphael/micro-orbiting/src/micro_orbiting_mpc/install/micro_orbiting_mpc/lib/python3.10/site-packages/micro_orbiting_mpc/controllers/controller_mpc_base.py
/home/raphael/micro-orbiting/src/micro_orbiting_mpc/install/micro_orbiting_mpc/lib/python3.10/site-packages/micro_orbiting_mpc/controllers/__init__.py
/home/raphael/micro-orbiting/src/micro_orbiting_mpc/install/micro_orbiting_mpc/lib/python3.10/site-packages/micro_orbiting_mpc/controllers/reactive_controller.py
/home/raphael/micro-orbiting/src/micro_orbiting_mpc/install/micro_orbiting_mpc/lib/python3.10/site-packages/micro_orbiting_mpc/controllers/controller_base_class.py
/home/raphael/micro-orbiting/src/micro_orbiting_mpc/install/micro_orbiting_mpc/lib/python3.10/site-packages/micro_orbiting_mpc/util/cost_handler.py
/home/raphael/micro-orbiting/src/micro_orbiting_mpc/install/micro_orbiting_mpc/lib/python3.10/site-packages/micro_orbiting_mpc/util/__init__.py
/home/raphael/micro-orbiting/src/micro_orbiting_mpc/install/micro_orbiting_mpc/lib/python3.10/site-packages/micro_orbiting_mpc/util/get_example.py
/home/raphael/micro-orbiting/src/micro_orbiting_mpc/install/micro_orbiting_mpc/lib/python3.10/site-packages/micro_orbiting_mpc/util/yes_no_question.py
/home/raphael/micro-orbiting/src/micro_orbiting_mpc/install/micro_orbiting_mpc/lib/python3.10/site-packages/micro_orbiting_mpc/util/terminal_constraints.py
/home/raphael/micro-orbiting/src/micro_orbiting_mpc/install/micro_orbiting_mpc/lib/python3.10/site-packages/micro_orbiting_mpc/util/generate_random_test_cases.py
/home/raphael/micro-orbiting/src/micro_orbiting_mpc/install/micro_orbiting_mpc/lib/python3.10/site-packages/micro_orbiting_mpc/util/utils.py
/home/raphael/micro-orbiting/src/micro_orbiting_mpc/install/micro_orbiting_mpc/lib/python3.10/site-packages/micro_orbiting_mpc/util/polytope.py
/home/raphael/micro-orbiting/src/micro_orbiting_mpc/install/micro_orbiting_mpc/lib/python3.10/site-packages/micro_orbiting_mpc/util/setup_cost_fcn_db.py
/home/raphael/micro-orbiting/src/micro_orbiting_mpc/install/micro_orbiting_mpc/lib/python3.10/site-packages/micro_orbiting_mpc/util/test_input_handler.py
/home/raphael/micro-orbiting/src/micro_orbiting_mpc/install/micro_orbiting_mpc/lib/python3.10/site-packages/micro_orbiting_mpc/models/__init__.py
/home/raphael/micro-orbiting/src/micro_orbiting_mpc/install/micro_orbiting_mpc/lib/python3.10/site-packages/micro_orbiting_mpc/models/ff_dynamics.py
/home/raphael/micro-orbiting/src/micro_orbiting_mpc/install/micro_orbiting_mpc/lib/python3.10/site-packages/micro_orbiting_mpc/models/ff_input_bounds.py
/home/raphael/micro-orbiting/src/micro_orbiting_mpc/install/micro_orbiting_mpc/lib/python3.10/site-packages/micro_orbiting_mpc/controllers/nominalMPC_no_faults/__init__.py
/home/raphael/micro-orbiting/src/micro_orbiting_mpc/install/micro_orbiting_mpc/lib/python3.10/site-packages/micro_orbiting_mpc/controllers/nominalMPC_no_faults/terminal_constraints_no_faults.py
/home/raphael/micro-orbiting/src/micro_orbiting_mpc/install/micro_orbiting_mpc/lib/python3.10/site-packages/micro_orbiting_mpc/controllers/spiralMPC_linearizing/__init__.py
/home/raphael/micro-orbiting/src/micro_orbiting_mpc/install/micro_orbiting_mpc/lib/python3.10/site-packages/micro_orbiting_mpc/controllers/spiralMPC_linearizing/spiral_mpc_v1.py
/home/raphael/micro-orbiting/src/micro_orbiting_mpc/install/micro_orbiting_mpc/lib/python3.10/site-packages/micro_orbiting_mpc/controllers/spiralMPC_linearizing/terminal_incredients_linearizing.py
/home/raphael/micro-orbiting/src/micro_orbiting_mpc/install/micro_orbiting_mpc/lib/python3.10/site-packages/micro_orbiting_mpc/controllers/spiralMPC_eMPC/__init__.py
/home/raphael/micro-orbiting/src/micro_orbiting_mpc/install/micro_orbiting_mpc/lib/python3.10/site-packages/micro_orbiting_mpc/controllers/spiralMPC_eMPC/explicit_mpc_terminal_incredients.py
/home/raphael/micro-orbiting/src/micro_orbiting_mpc/install/micro_orbiting_mpc/lib/python3.10/site-packages/micro_orbiting_mpc/controllers/spiralMPC_eMPC/controller_empc.py
/home/raphael/micro-orbiting/src/micro_orbiting_mpc/install/micro_orbiting_mpc/lib/python3.10/site-packages/micro_orbiting_mpc/__pycache__/__init__.cpython-310.pyc
/home/raphael/micro-orbiting/src/micro_orbiting_mpc/install/micro_orbiting_mpc/lib/python3.10/site-packages/micro_orbiting_mpc/__pycache__/init_node.cpython-310.pyc
/home/raphael/micro-orbiting/src/micro_orbiting_mpc/install/micro_orbiting_mpc/lib/python3.10/site-packages/micro_orbiting_mpc/__pycache__/spacecraft_mpc_node.cpython-310.pyc
/home/raphael/micro-orbiting/src/micro_orbiting_mpc/install/micro_orbiting_mpc/lib/python3.10/site-packages/micro_orbiting_mpc/__pycache__/viz_node.cpython-310.pyc
/home/raphael/micro-orbiting/src/micro_orbiting_mpc/install/micro_orbiting_mpc/lib/python3.10/site-packages/micro_orbiting_mpc/__pycache__/fault_simulation_node.cpython-310.pyc
/home/raphael/micro-orbiting/src/micro_orbiting_mpc/install/micro_orbiting_mpc/lib/python3.10/site-packages/micro_orbiting_mpc/__pycache__/viz_plan.cpython-310.pyc
/home/raphael/micro-orbiting/src/micro_orbiting_mpc/install/micro_orbiting_mpc/lib/python3.10/site-packages/micro_orbiting_mpc/test/__pycache__/__init__.cpython-310.pyc
/home/raphael/micro-orbiting/src/micro_orbiting_mpc/install/micro_orbiting_mpc/lib/python3.10/site-packages/micro_orbiting_mpc/test/__pycache__/dummy.cpython-310.pyc
/home/raphael/micro-orbiting/src/micro_orbiting_mpc/install/micro_orbiting_mpc/lib/python3.10/site-packages/micro_orbiting_mpc/controllers/__pycache__/state_constants.cpython-310.pyc
/home/raphael/micro-orbiting/src/micro_orbiting_mpc/install/micro_orbiting_mpc/lib/python3.10/site-packages/micro_orbiting_mpc/controllers/__pycache__/fb_linearizing_controller.cpython-310.pyc
/home/raphael/micro-orbiting/src/micro_orbiting_mpc/install/micro_orbiting_mpc/lib/python3.10/site-packages/micro_orbiting_mpc/controllers/__pycache__/controller_mpc_base.cpython-310.pyc
/home/raphael/micro-orbiting/src/micro_orbiting_mpc/install/micro_orbiting_mpc/lib/python3.10/site-packages/micro_orbiting_mpc/controllers/__pycache__/__init__.cpython-310.pyc
/home/raphael/micro-orbiting/src/micro_orbiting_mpc/install/micro_orbiting_mpc/lib/python3.10/site-packages/micro_orbiting_mpc/controllers/__pycache__/reactive_controller.cpython-310.pyc
/home/raphael/micro-orbiting/src/micro_orbiting_mpc/install/micro_orbiting_mpc/lib/python3.10/site-packages/micro_orbiting_mpc/controllers/__pycache__/controller_base_class.cpython-310.pyc
/home/raphael/micro-orbiting/src/micro_orbiting_mpc/install/micro_orbiting_mpc/lib/python3.10/site-packages/micro_orbiting_mpc/util/__pycache__/cost_handler.cpython-310.pyc
/home/raphael/micro-orbiting/src/micro_orbiting_mpc/install/micro_orbiting_mpc/lib/python3.10/site-packages/micro_orbiting_mpc/util/__pycache__/__init__.cpython-310.pyc
/home/raphael/micro-orbiting/src/micro_orbiting_mpc/install/micro_orbiting_mpc/lib/python3.10/site-packages/micro_orbiting_mpc/util/__pycache__/get_example.cpython-310.pyc
/home/raphael/micro-orbiting/src/micro_orbiting_mpc/install/micro_orbiting_mpc/lib/python3.10/site-packages/micro_orbiting_mpc/util/__pycache__/yes_no_question.cpython-310.pyc
/home/raphael/micro-orbiting/src/micro_orbiting_mpc/install/micro_orbiting_mpc/lib/python3.10/site-packages/micro_orbiting_mpc/util/__pycache__/terminal_constraints.cpython-310.pyc
/home/raphael/micro-orbiting/src/micro_orbiting_mpc/install/micro_orbiting_mpc/lib/python3.10/site-packages/micro_orbiting_mpc/util/__pycache__/generate_random_test_cases.cpython-310.pyc
/home/raphael/micro-orbiting/src/micro_orbiting_mpc/install/micro_orbiting_mpc/lib/python3.10/site-packages/micro_orbiting_mpc/util/__pycache__/utils.cpython-310.pyc
/home/raphael/micro-orbiting/src/micro_orbiting_mpc/install/micro_orbiting_mpc/lib/python3.10/site-packages/micro_orbiting_mpc/util/__pycache__/polytope.cpython-310.pyc
/home/raphael/micro-orbiting/src/micro_orbiting_mpc/install/micro_orbiting_mpc/lib/python3.10/site-packages/micro_orbiting_mpc/util/__pycache__/setup_cost_fcn_db.cpython-310.pyc
/home/raphael/micro-orbiting/src/micro_orbiting_mpc/install/micro_orbiting_mpc/lib/python3.10/site-packages/micro_orbiting_mpc/util/__pycache__/test_input_handler.cpython-310.pyc
/home/raphael/micro-orbiting/src/micro_orbiting_mpc/install/micro_orbiting_mpc/lib/python3.10/site-packages/micro_orbiting_mpc/models/__pycache__/__init__.cpython-310.pyc
/home/raphael/micro-orbiting/src/micro_orbiting_mpc/install/micro_orbiting_mpc/lib/python3.10/site-packages/micro_orbiting_mpc/models/__pycache__/ff_dynamics.cpython-310.pyc
/home/raphael/micro-orbiting/src/micro_orbiting_mpc/install/micro_orbiting_mpc/lib/python3.10/site-packages/micro_orbiting_mpc/models/__pycache__/ff_input_bounds.cpython-310.pyc
/home/raphael/micro-orbiting/src/micro_orbiting_mpc/install/micro_orbiting_mpc/lib/python3.10/site-packages/micro_orbiting_mpc/controllers/nominalMPC_no_faults/__pycache__/__init__.cpython-310.pyc
/home/raphael/micro-orbiting/src/micro_orbiting_mpc/install/micro_orbiting_mpc/lib/python3.10/site-packages/micro_orbiting_mpc/controllers/nominalMPC_no_faults/__pycache__/terminal_constraints_no_faults.cpython-310.pyc
/home/raphael/micro-orbiting/src/micro_orbiting_mpc/install/micro_orbiting_mpc/lib/python3.10/site-packages/micro_orbiting_mpc/controllers/spiralMPC_linearizing/__pycache__/__init__.cpython-310.pyc
/home/raphael/micro-orbiting/src/micro_orbiting_mpc/install/micro_orbiting_mpc/lib/python3.10/site-packages/micro_orbiting_mpc/controllers/spiralMPC_linearizing/__pycache__/spiral_mpc_v1.cpython-310.pyc
/home/raphael/micro-orbiting/src/micro_orbiting_mpc/install/micro_orbiting_mpc/lib/python3.10/site-packages/micro_orbiting_mpc/controllers/spiralMPC_linearizing/__pycache__/terminal_incredients_linearizing.cpython-310.pyc
/home/raphael/micro-orbiting/src/micro_orbiting_mpc/install/micro_orbiting_mpc/lib/python3.10/site-packages/micro_orbiting_mpc/controllers/spiralMPC_eMPC/__pycache__/__init__.cpython-310.pyc
/home/raphael/micro-orbiting/src/micro_orbiting_mpc/install/micro_orbiting_mpc/lib/python3.10/site-packages/micro_orbiting_mpc/controllers/spiralMPC_eMPC/__pycache__/explicit_mpc_terminal_incredients.cpython-310.pyc
/home/raphael/micro-orbiting/src/micro_orbiting_mpc/install/micro_orbiting_mpc/lib/python3.10/site-packages/micro_orbiting_mpc/controllers/spiralMPC_eMPC/__pycache__/controller_empc.cpython-310.pyc
/home/raphael/micro-orbiting/src/micro_orbiting_mpc/install/micro_orbiting_mpc/share/ament_index/resource_index/packages/micro_orbiting_mpc
/home/raphael/micro-orbiting/src/micro_orbiting_mpc/install/micro_orbiting_mpc/share/micro_orbiting_mpc/package.xml
/home/raphael/micro-orbiting/src/micro_orbiting_mpc/install/micro_orbiting_mpc/share/micro_orbiting_mpc/launch/spacecraft_mpc_node.launch.py
/home/raphael/micro-orbiting/src/micro_orbiting_mpc/install/micro_orbiting_mpc/share/micro_orbiting_mpc/launch/reactive_spacecraft_mpc_node.launch.py
/home/raphael/micro-orbiting/src/micro_orbiting_mpc/install/micro_orbiting_mpc/share/micro_orbiting_mpc/launch/sim_launch.py
/home/raphael/micro-orbiting/src/micro_orbiting_mpc/install/micro_orbiting_mpc/share/micro_orbiting_mpc/config/nominal_mpc.yaml
/home/raphael/micro-orbiting/src/micro_orbiting_mpc/install/micro_orbiting_mpc/share/micro_orbiting_mpc/config/robot_parameters_gazebo.yaml
/home/raphael/micro-orbiting/src/micro_orbiting_mpc/install/micro_orbiting_mpc/share/micro_orbiting_mpc/config/spiral_mpc_lin.yaml
/home/raphael/micro-orbiting/src/micro_orbiting_mpc/install/micro_orbiting_mpc/share/micro_orbiting_mpc/config/feedback_lin.yaml
/home/raphael/micro-orbiting/src/micro_orbiting_mpc/install/micro_orbiting_mpc/share/micro_orbiting_mpc/config/reactive.yaml
/home/raphael/micro-orbiting/src/micro_orbiting_mpc/install/micro_orbiting_mpc/share/micro_orbiting_mpc/config/spiral_mpc_empc.yaml
/home/raphael/micro-orbiting/src/micro_orbiting_mpc/install/micro_orbiting_mpc/lib/python3.10/site-packages/micro_orbiting_mpc-0.0.1-py3.10.egg-info/dependency_links.txt
/home/raphael/micro-orbiting/src/micro_orbiting_mpc/install/micro_orbiting_mpc/lib/python3.10/site-packages/micro_orbiting_mpc-0.0.1-py3.10.egg-info/requires.txt
/home/raphael/micro-orbiting/src/micro_orbiting_mpc/install/micro_orbiting_mpc/lib/python3.10/site-packages/micro_orbiting_mpc-0.0.1-py3.10.egg-info/SOURCES.txt
/home/raphael/micro-orbiting/src/micro_orbiting_mpc/install/micro_orbiting_mpc/lib/python3.10/site-packages/micro_orbiting_mpc-0.0.1-py3.10.egg-info/entry_points.txt
/home/raphael/micro-orbiting/src/micro_orbiting_mpc/install/micro_orbiting_mpc/lib/python3.10/site-packages/micro_orbiting_mpc-0.0.1-py3.10.egg-info/zip-safe
/home/raphael/micro-orbiting/src/micro_orbiting_mpc/install/micro_orbiting_mpc/lib/python3.10/site-packages/micro_orbiting_mpc-0.0.1-py3.10.egg-info/PKG-INFO
/home/raphael/micro-orbiting/src/micro_orbiting_mpc/install/micro_orbiting_mpc/lib/python3.10/site-packages/micro_orbiting_mpc-0.0.1-py3.10.egg-info/top_level.txt
/home/raphael/micro-orbiting/src/micro_orbiting_mpc/install/micro_orbiting_mpc/lib/micro_orbiting_mpc/fault_simulation_node
/home/raphael/micro-orbiting/src/micro_orbiting_mpc/install/micro_orbiting_mpc/lib/micro_orbiting_mpc/spacecraft_mpc_node
/home/raphael/micro-orbiting/src/micro_orbiting_mpc/install/micro_orbiting_mpc/lib/micro_orbiting_mpc/trajectory_init_node
/home/raphael/micro-orbiting/src/micro_orbiting_mpc/install/micro_orbiting_mpc/lib/micro_orbiting_mpc/viz_node
/home/raphael/micro-orbiting/src/micro_orbiting_mpc/install/micro_orbiting_mpc/lib/micro_orbiting_mpc/viz_plan
