[0.682s] Invoking command in '/home/raphael/micro-orbiting/src/micro_orbiting_mpc': PYTHONPATH=/home/raphael/micro-orbiting/src/micro_orbiting_mpc/build/micro_orbiting_mpc/prefix_override:/usr/lib/python3/dist-packages/colcon_core/task/python/colcon_distutils_commands:/home/raphael/micro-orbiting/src/micro_orbiting_mpc/install/micro_orbiting_mpc/lib/python3.10/site-packages:${PYTHONPATH} /usr/bin/python3 -W ignore:setup.py install is deprecated setup.py egg_info --egg-base build/micro_orbiting_mpc build --build-base /home/raphael/micro-orbiting/src/micro_orbiting_mpc/build/micro_orbiting_mpc/build install --record /home/raphael/micro-orbiting/src/micro_orbiting_mpc/build/micro_orbiting_mpc/install.log --single-version-externally-managed install_data
[0.922s] running egg_info
[0.923s] writing build/micro_orbiting_mpc/micro_orbiting_mpc.egg-info/PKG-INFO
[0.923s] writing dependency_links to build/micro_orbiting_mpc/micro_orbiting_mpc.egg-info/dependency_links.txt
[0.923s] writing entry points to build/micro_orbiting_mpc/micro_orbiting_mpc.egg-info/entry_points.txt
[0.923s] writing requirements to build/micro_orbiting_mpc/micro_orbiting_mpc.egg-info/requires.txt
[0.924s] writing top-level names to build/micro_orbiting_mpc/micro_orbiting_mpc.egg-info/top_level.txt
[0.927s] reading manifest file 'build/micro_orbiting_mpc/micro_orbiting_mpc.egg-info/SOURCES.txt'
[0.928s] adding license file 'LICENSE'
[0.929s] writing manifest file 'build/micro_orbiting_mpc/micro_orbiting_mpc.egg-info/SOURCES.txt'
[0.929s] running build
[0.929s] running build_py
[0.931s] copying micro_orbiting_mpc/models/ff_input_bounds.py -> /home/raphael/micro-orbiting/src/micro_orbiting_mpc/build/micro_orbiting_mpc/build/lib/micro_orbiting_mpc/models
[0.933s] running install
[0.933s] running install_lib
[0.935s] copying /home/raphael/micro-orbiting/src/micro_orbiting_mpc/build/micro_orbiting_mpc/build/lib/micro_orbiting_mpc/models/ff_input_bounds.py -> /home/raphael/micro-orbiting/src/micro_orbiting_mpc/install/micro_orbiting_mpc/lib/python3.10/site-packages/micro_orbiting_mpc/models
[0.937s] byte-compiling /home/raphael/micro-orbiting/src/micro_orbiting_mpc/install/micro_orbiting_mpc/lib/python3.10/site-packages/micro_orbiting_mpc/models/ff_input_bounds.py to ff_input_bounds.cpython-310.pyc
[0.942s] running install_data
[0.942s] running install_egg_info
[0.945s] removing '/home/raphael/micro-orbiting/src/micro_orbiting_mpc/install/micro_orbiting_mpc/lib/python3.10/site-packages/micro_orbiting_mpc-0.0.1-py3.10.egg-info' (and everything under it)
[0.945s] Copying build/micro_orbiting_mpc/micro_orbiting_mpc.egg-info to /home/raphael/micro-orbiting/src/micro_orbiting_mpc/install/micro_orbiting_mpc/lib/python3.10/site-packages/micro_orbiting_mpc-0.0.1-py3.10.egg-info
[0.946s] running install_scripts
[0.966s] Installing fault_simulation_node script to /home/raphael/micro-orbiting/src/micro_orbiting_mpc/install/micro_orbiting_mpc/lib/micro_orbiting_mpc
[0.966s] Installing spacecraft_mpc_node script to /home/raphael/micro-orbiting/src/micro_orbiting_mpc/install/micro_orbiting_mpc/lib/micro_orbiting_mpc
[0.966s] Installing trajectory_init_node script to /home/raphael/micro-orbiting/src/micro_orbiting_mpc/install/micro_orbiting_mpc/lib/micro_orbiting_mpc
[0.966s] Installing viz_node script to /home/raphael/micro-orbiting/src/micro_orbiting_mpc/install/micro_orbiting_mpc/lib/micro_orbiting_mpc
[0.966s] Installing viz_plan script to /home/raphael/micro-orbiting/src/micro_orbiting_mpc/install/micro_orbiting_mpc/lib/micro_orbiting_mpc
[0.967s] writing list of installed files to '/home/raphael/micro-orbiting/src/micro_orbiting_mpc/build/micro_orbiting_mpc/install.log'
[1.000s] Invoked command in '/home/raphael/micro-orbiting/src/micro_orbiting_mpc' returned '0': PYTHONPATH=/home/raphael/micro-orbiting/src/micro_orbiting_mpc/build/micro_orbiting_mpc/prefix_override:/usr/lib/python3/dist-packages/colcon_core/task/python/colcon_distutils_commands:/home/raphael/micro-orbiting/src/micro_orbiting_mpc/install/micro_orbiting_mpc/lib/python3.10/site-packages:${PYTHONPATH} /usr/bin/python3 -W ignore:setup.py install is deprecated setup.py egg_info --egg-base build/micro_orbiting_mpc build --build-base /home/raphael/micro-orbiting/src/micro_orbiting_mpc/build/micro_orbiting_mpc/build install --record /home/raphael/micro-orbiting/src/micro_orbiting_mpc/build/micro_orbiting_mpc/install.log --single-version-externally-managed install_data
