running egg_info
creating build/micro_orbiting_mpc/micro_orbiting_mpc.egg-info
writing build/micro_orbiting_mpc/micro_orbiting_mpc.egg-info/PKG-INFO
writing dependency_links to build/micro_orbiting_mpc/micro_orbiting_mpc.egg-info/dependency_links.txt
writing entry points to build/micro_orbiting_mpc/micro_orbiting_mpc.egg-info/entry_points.txt
writing requirements to build/micro_orbiting_mpc/micro_orbiting_mpc.egg-info/requires.txt
writing top-level names to build/micro_orbiting_mpc/micro_orbiting_mpc.egg-info/top_level.txt
writing manifest file 'build/micro_orbiting_mpc/micro_orbiting_mpc.egg-info/SOURCES.txt'
reading manifest file 'build/micro_orbiting_mpc/micro_orbiting_mpc.egg-info/SOURCES.txt'
adding license file 'LICENSE'
writing manifest file 'build/micro_orbiting_mpc/micro_orbiting_mpc.egg-info/SOURCES.txt'
running build
running build_py
creating /home/raphael/micro-orbiting/src/micro_orbiting_mpc/build/micro_orbiting_mpc/build
creating /home/raphael/micro-orbiting/src/micro_orbiting_mpc/build/micro_orbiting_mpc/build/lib
creating /home/raphael/micro-orbiting/src/micro_orbiting_mpc/build/micro_orbiting_mpc/build/lib/micro_orbiting_mpc
copying micro_orbiting_mpc/__init__.py -> /home/raphael/micro-orbiting/src/micro_orbiting_mpc/build/micro_orbiting_mpc/build/lib/micro_orbiting_mpc
copying micro_orbiting_mpc/init_node.py -> /home/raphael/micro-orbiting/src/micro_orbiting_mpc/build/micro_orbiting_mpc/build/lib/micro_orbiting_mpc
copying micro_orbiting_mpc/spacecraft_mpc_node.py -> /home/raphael/micro-orbiting/src/micro_orbiting_mpc/build/micro_orbiting_mpc/build/lib/micro_orbiting_mpc
copying micro_orbiting_mpc/viz_node.py -> /home/raphael/micro-orbiting/src/micro_orbiting_mpc/build/micro_orbiting_mpc/build/lib/micro_orbiting_mpc
copying micro_orbiting_mpc/fault_simulation_node.py -> /home/raphael/micro-orbiting/src/micro_orbiting_mpc/build/micro_orbiting_mpc/build/lib/micro_orbiting_mpc
copying micro_orbiting_mpc/viz_plan.py -> /home/raphael/micro-orbiting/src/micro_orbiting_mpc/build/micro_orbiting_mpc/build/lib/micro_orbiting_mpc
creating /home/raphael/micro-orbiting/src/micro_orbiting_mpc/build/micro_orbiting_mpc/build/lib/micro_orbiting_mpc/test
copying micro_orbiting_mpc/test/__init__.py -> /home/raphael/micro-orbiting/src/micro_orbiting_mpc/build/micro_orbiting_mpc/build/lib/micro_orbiting_mpc/test
copying micro_orbiting_mpc/test/dummy.py -> /home/raphael/micro-orbiting/src/micro_orbiting_mpc/build/micro_orbiting_mpc/build/lib/micro_orbiting_mpc/test
creating /home/raphael/micro-orbiting/src/micro_orbiting_mpc/build/micro_orbiting_mpc/build/lib/micro_orbiting_mpc/controllers
copying micro_orbiting_mpc/controllers/state_constants.py -> /home/raphael/micro-orbiting/src/micro_orbiting_mpc/build/micro_orbiting_mpc/build/lib/micro_orbiting_mpc/controllers
copying micro_orbiting_mpc/controllers/fb_linearizing_controller.py -> /home/raphael/micro-orbiting/src/micro_orbiting_mpc/build/micro_orbiting_mpc/build/lib/micro_orbiting_mpc/controllers
copying micro_orbiting_mpc/controllers/controller_mpc_base.py -> /home/raphael/micro-orbiting/src/micro_orbiting_mpc/build/micro_orbiting_mpc/build/lib/micro_orbiting_mpc/controllers
copying micro_orbiting_mpc/controllers/__init__.py -> /home/raphael/micro-orbiting/src/micro_orbiting_mpc/build/micro_orbiting_mpc/build/lib/micro_orbiting_mpc/controllers
copying micro_orbiting_mpc/controllers/reactive_controller.py -> /home/raphael/micro-orbiting/src/micro_orbiting_mpc/build/micro_orbiting_mpc/build/lib/micro_orbiting_mpc/controllers
copying micro_orbiting_mpc/controllers/controller_base_class.py -> /home/raphael/micro-orbiting/src/micro_orbiting_mpc/build/micro_orbiting_mpc/build/lib/micro_orbiting_mpc/controllers
creating /home/raphael/micro-orbiting/src/micro_orbiting_mpc/build/micro_orbiting_mpc/build/lib/micro_orbiting_mpc/util
copying micro_orbiting_mpc/util/cost_handler.py -> /home/raphael/micro-orbiting/src/micro_orbiting_mpc/build/micro_orbiting_mpc/build/lib/micro_orbiting_mpc/util
copying micro_orbiting_mpc/util/__init__.py -> /home/raphael/micro-orbiting/src/micro_orbiting_mpc/build/micro_orbiting_mpc/build/lib/micro_orbiting_mpc/util
copying micro_orbiting_mpc/util/get_example.py -> /home/raphael/micro-orbiting/src/micro_orbiting_mpc/build/micro_orbiting_mpc/build/lib/micro_orbiting_mpc/util
copying micro_orbiting_mpc/util/yes_no_question.py -> /home/raphael/micro-orbiting/src/micro_orbiting_mpc/build/micro_orbiting_mpc/build/lib/micro_orbiting_mpc/util
copying micro_orbiting_mpc/util/terminal_constraints.py -> /home/raphael/micro-orbiting/src/micro_orbiting_mpc/build/micro_orbiting_mpc/build/lib/micro_orbiting_mpc/util
copying micro_orbiting_mpc/util/generate_random_test_cases.py -> /home/raphael/micro-orbiting/src/micro_orbiting_mpc/build/micro_orbiting_mpc/build/lib/micro_orbiting_mpc/util
copying micro_orbiting_mpc/util/utils.py -> /home/raphael/micro-orbiting/src/micro_orbiting_mpc/build/micro_orbiting_mpc/build/lib/micro_orbiting_mpc/util
copying micro_orbiting_mpc/util/polytope.py -> /home/raphael/micro-orbiting/src/micro_orbiting_mpc/build/micro_orbiting_mpc/build/lib/micro_orbiting_mpc/util
copying micro_orbiting_mpc/util/setup_cost_fcn_db.py -> /home/raphael/micro-orbiting/src/micro_orbiting_mpc/build/micro_orbiting_mpc/build/lib/micro_orbiting_mpc/util
copying micro_orbiting_mpc/util/test_input_handler.py -> /home/raphael/micro-orbiting/src/micro_orbiting_mpc/build/micro_orbiting_mpc/build/lib/micro_orbiting_mpc/util
creating /home/raphael/micro-orbiting/src/micro_orbiting_mpc/build/micro_orbiting_mpc/build/lib/micro_orbiting_mpc/models
copying micro_orbiting_mpc/models/__init__.py -> /home/raphael/micro-orbiting/src/micro_orbiting_mpc/build/micro_orbiting_mpc/build/lib/micro_orbiting_mpc/models
copying micro_orbiting_mpc/models/ff_dynamics.py -> /home/raphael/micro-orbiting/src/micro_orbiting_mpc/build/micro_orbiting_mpc/build/lib/micro_orbiting_mpc/models
copying micro_orbiting_mpc/models/ff_input_bounds.py -> /home/raphael/micro-orbiting/src/micro_orbiting_mpc/build/micro_orbiting_mpc/build/lib/micro_orbiting_mpc/models
creating /home/raphael/micro-orbiting/src/micro_orbiting_mpc/build/micro_orbiting_mpc/build/lib/micro_orbiting_mpc/controllers/nominalMPC_no_faults
copying micro_orbiting_mpc/controllers/nominalMPC_no_faults/__init__.py -> /home/raphael/micro-orbiting/src/micro_orbiting_mpc/build/micro_orbiting_mpc/build/lib/micro_orbiting_mpc/controllers/nominalMPC_no_faults
copying micro_orbiting_mpc/controllers/nominalMPC_no_faults/terminal_constraints_no_faults.py -> /home/raphael/micro-orbiting/src/micro_orbiting_mpc/build/micro_orbiting_mpc/build/lib/micro_orbiting_mpc/controllers/nominalMPC_no_faults
creating /home/raphael/micro-orbiting/src/micro_orbiting_mpc/build/micro_orbiting_mpc/build/lib/micro_orbiting_mpc/controllers/spiralMPC_linearizing
copying micro_orbiting_mpc/controllers/spiralMPC_linearizing/__init__.py -> /home/raphael/micro-orbiting/src/micro_orbiting_mpc/build/micro_orbiting_mpc/build/lib/micro_orbiting_mpc/controllers/spiralMPC_linearizing
copying micro_orbiting_mpc/controllers/spiralMPC_linearizing/spiral_mpc_v1.py -> /home/raphael/micro-orbiting/src/micro_orbiting_mpc/build/micro_orbiting_mpc/build/lib/micro_orbiting_mpc/controllers/spiralMPC_linearizing
copying micro_orbiting_mpc/controllers/spiralMPC_linearizing/terminal_incredients_linearizing.py -> /home/raphael/micro-orbiting/src/micro_orbiting_mpc/build/micro_orbiting_mpc/build/lib/micro_orbiting_mpc/controllers/spiralMPC_linearizing
creating /home/raphael/micro-orbiting/src/micro_orbiting_mpc/build/micro_orbiting_mpc/build/lib/micro_orbiting_mpc/controllers/spiralMPC_eMPC
copying micro_orbiting_mpc/controllers/spiralMPC_eMPC/__init__.py -> /home/raphael/micro-orbiting/src/micro_orbiting_mpc/build/micro_orbiting_mpc/build/lib/micro_orbiting_mpc/controllers/spiralMPC_eMPC
copying micro_orbiting_mpc/controllers/spiralMPC_eMPC/explicit_mpc_terminal_incredients.py -> /home/raphael/micro-orbiting/src/micro_orbiting_mpc/build/micro_orbiting_mpc/build/lib/micro_orbiting_mpc/controllers/spiralMPC_eMPC
copying micro_orbiting_mpc/controllers/spiralMPC_eMPC/controller_empc.py -> /home/raphael/micro-orbiting/src/micro_orbiting_mpc/build/micro_orbiting_mpc/build/lib/micro_orbiting_mpc/controllers/spiralMPC_eMPC
running install
running install_lib
creating /home/raphael/micro-orbiting/src/micro_orbiting_mpc/install/micro_orbiting_mpc/lib/python3.10/site-packages/micro_orbiting_mpc
copying /home/raphael/micro-orbiting/src/micro_orbiting_mpc/build/micro_orbiting_mpc/build/lib/micro_orbiting_mpc/__init__.py -> /home/raphael/micro-orbiting/src/micro_orbiting_mpc/install/micro_orbiting_mpc/lib/python3.10/site-packages/micro_orbiting_mpc
creating /home/raphael/micro-orbiting/src/micro_orbiting_mpc/install/micro_orbiting_mpc/lib/python3.10/site-packages/micro_orbiting_mpc/test
copying /home/raphael/micro-orbiting/src/micro_orbiting_mpc/build/micro_orbiting_mpc/build/lib/micro_orbiting_mpc/test/__init__.py -> /home/raphael/micro-orbiting/src/micro_orbiting_mpc/install/micro_orbiting_mpc/lib/python3.10/site-packages/micro_orbiting_mpc/test
copying /home/raphael/micro-orbiting/src/micro_orbiting_mpc/build/micro_orbiting_mpc/build/lib/micro_orbiting_mpc/test/dummy.py -> /home/raphael/micro-orbiting/src/micro_orbiting_mpc/install/micro_orbiting_mpc/lib/python3.10/site-packages/micro_orbiting_mpc/test
copying /home/raphael/micro-orbiting/src/micro_orbiting_mpc/build/micro_orbiting_mpc/build/lib/micro_orbiting_mpc/init_node.py -> /home/raphael/micro-orbiting/src/micro_orbiting_mpc/install/micro_orbiting_mpc/lib/python3.10/site-packages/micro_orbiting_mpc
copying /home/raphael/micro-orbiting/src/micro_orbiting_mpc/build/micro_orbiting_mpc/build/lib/micro_orbiting_mpc/spacecraft_mpc_node.py -> /home/raphael/micro-orbiting/src/micro_orbiting_mpc/install/micro_orbiting_mpc/lib/python3.10/site-packages/micro_orbiting_mpc
copying /home/raphael/micro-orbiting/src/micro_orbiting_mpc/build/micro_orbiting_mpc/build/lib/micro_orbiting_mpc/viz_node.py -> /home/raphael/micro-orbiting/src/micro_orbiting_mpc/install/micro_orbiting_mpc/lib/python3.10/site-packages/micro_orbiting_mpc
copying /home/raphael/micro-orbiting/src/micro_orbiting_mpc/build/micro_orbiting_mpc/build/lib/micro_orbiting_mpc/fault_simulation_node.py -> /home/raphael/micro-orbiting/src/micro_orbiting_mpc/install/micro_orbiting_mpc/lib/python3.10/site-packages/micro_orbiting_mpc
copying /home/raphael/micro-orbiting/src/micro_orbiting_mpc/build/micro_orbiting_mpc/build/lib/micro_orbiting_mpc/viz_plan.py -> /home/raphael/micro-orbiting/src/micro_orbiting_mpc/install/micro_orbiting_mpc/lib/python3.10/site-packages/micro_orbiting_mpc
creating /home/raphael/micro-orbiting/src/micro_orbiting_mpc/install/micro_orbiting_mpc/lib/python3.10/site-packages/micro_orbiting_mpc/controllers
copying /home/raphael/micro-orbiting/src/micro_orbiting_mpc/build/micro_orbiting_mpc/build/lib/micro_orbiting_mpc/controllers/state_constants.py -> /home/raphael/micro-orbiting/src/micro_orbiting_mpc/install/micro_orbiting_mpc/lib/python3.10/site-packages/micro_orbiting_mpc/controllers
creating /home/raphael/micro-orbiting/src/micro_orbiting_mpc/install/micro_orbiting_mpc/lib/python3.10/site-packages/micro_orbiting_mpc/controllers/nominalMPC_no_faults
copying /home/raphael/micro-orbiting/src/micro_orbiting_mpc/build/micro_orbiting_mpc/build/lib/micro_orbiting_mpc/controllers/nominalMPC_no_faults/__init__.py -> /home/raphael/micro-orbiting/src/micro_orbiting_mpc/install/micro_orbiting_mpc/lib/python3.10/site-packages/micro_orbiting_mpc/controllers/nominalMPC_no_faults
copying /home/raphael/micro-orbiting/src/micro_orbiting_mpc/build/micro_orbiting_mpc/build/lib/micro_orbiting_mpc/controllers/nominalMPC_no_faults/terminal_constraints_no_faults.py -> /home/raphael/micro-orbiting/src/micro_orbiting_mpc/install/micro_orbiting_mpc/lib/python3.10/site-packages/micro_orbiting_mpc/controllers/nominalMPC_no_faults
copying /home/raphael/micro-orbiting/src/micro_orbiting_mpc/build/micro_orbiting_mpc/build/lib/micro_orbiting_mpc/controllers/fb_linearizing_controller.py -> /home/raphael/micro-orbiting/src/micro_orbiting_mpc/install/micro_orbiting_mpc/lib/python3.10/site-packages/micro_orbiting_mpc/controllers
creating /home/raphael/micro-orbiting/src/micro_orbiting_mpc/install/micro_orbiting_mpc/lib/python3.10/site-packages/micro_orbiting_mpc/controllers/spiralMPC_linearizing
copying /home/raphael/micro-orbiting/src/micro_orbiting_mpc/build/micro_orbiting_mpc/build/lib/micro_orbiting_mpc/controllers/spiralMPC_linearizing/__init__.py -> /home/raphael/micro-orbiting/src/micro_orbiting_mpc/install/micro_orbiting_mpc/lib/python3.10/site-packages/micro_orbiting_mpc/controllers/spiralMPC_linearizing
copying /home/raphael/micro-orbiting/src/micro_orbiting_mpc/build/micro_orbiting_mpc/build/lib/micro_orbiting_mpc/controllers/spiralMPC_linearizing/spiral_mpc_v1.py -> /home/raphael/micro-orbiting/src/micro_orbiting_mpc/install/micro_orbiting_mpc/lib/python3.10/site-packages/micro_orbiting_mpc/controllers/spiralMPC_linearizing
copying /home/raphael/micro-orbiting/src/micro_orbiting_mpc/build/micro_orbiting_mpc/build/lib/micro_orbiting_mpc/controllers/spiralMPC_linearizing/terminal_incredients_linearizing.py -> /home/raphael/micro-orbiting/src/micro_orbiting_mpc/install/micro_orbiting_mpc/lib/python3.10/site-packages/micro_orbiting_mpc/controllers/spiralMPC_linearizing
copying /home/raphael/micro-orbiting/src/micro_orbiting_mpc/build/micro_orbiting_mpc/build/lib/micro_orbiting_mpc/controllers/controller_mpc_base.py -> /home/raphael/micro-orbiting/src/micro_orbiting_mpc/install/micro_orbiting_mpc/lib/python3.10/site-packages/micro_orbiting_mpc/controllers
copying /home/raphael/micro-orbiting/src/micro_orbiting_mpc/build/micro_orbiting_mpc/build/lib/micro_orbiting_mpc/controllers/__init__.py -> /home/raphael/micro-orbiting/src/micro_orbiting_mpc/install/micro_orbiting_mpc/lib/python3.10/site-packages/micro_orbiting_mpc/controllers
copying /home/raphael/micro-orbiting/src/micro_orbiting_mpc/build/micro_orbiting_mpc/build/lib/micro_orbiting_mpc/controllers/reactive_controller.py -> /home/raphael/micro-orbiting/src/micro_orbiting_mpc/install/micro_orbiting_mpc/lib/python3.10/site-packages/micro_orbiting_mpc/controllers
copying /home/raphael/micro-orbiting/src/micro_orbiting_mpc/build/micro_orbiting_mpc/build/lib/micro_orbiting_mpc/controllers/controller_base_class.py -> /home/raphael/micro-orbiting/src/micro_orbiting_mpc/install/micro_orbiting_mpc/lib/python3.10/site-packages/micro_orbiting_mpc/controllers
creating /home/raphael/micro-orbiting/src/micro_orbiting_mpc/install/micro_orbiting_mpc/lib/python3.10/site-packages/micro_orbiting_mpc/controllers/spiralMPC_eMPC
copying /home/raphael/micro-orbiting/src/micro_orbiting_mpc/build/micro_orbiting_mpc/build/lib/micro_orbiting_mpc/controllers/spiralMPC_eMPC/__init__.py -> /home/raphael/micro-orbiting/src/micro_orbiting_mpc/install/micro_orbiting_mpc/lib/python3.10/site-packages/micro_orbiting_mpc/controllers/spiralMPC_eMPC
copying /home/raphael/micro-orbiting/src/micro_orbiting_mpc/build/micro_orbiting_mpc/build/lib/micro_orbiting_mpc/controllers/spiralMPC_eMPC/explicit_mpc_terminal_incredients.py -> /home/raphael/micro-orbiting/src/micro_orbiting_mpc/install/micro_orbiting_mpc/lib/python3.10/site-packages/micro_orbiting_mpc/controllers/spiralMPC_eMPC
copying /home/raphael/micro-orbiting/src/micro_orbiting_mpc/build/micro_orbiting_mpc/build/lib/micro_orbiting_mpc/controllers/spiralMPC_eMPC/controller_empc.py -> /home/raphael/micro-orbiting/src/micro_orbiting_mpc/install/micro_orbiting_mpc/lib/python3.10/site-packages/micro_orbiting_mpc/controllers/spiralMPC_eMPC
creating /home/raphael/micro-orbiting/src/micro_orbiting_mpc/install/micro_orbiting_mpc/lib/python3.10/site-packages/micro_orbiting_mpc/util
copying /home/raphael/micro-orbiting/src/micro_orbiting_mpc/build/micro_orbiting_mpc/build/lib/micro_orbiting_mpc/util/cost_handler.py -> /home/raphael/micro-orbiting/src/micro_orbiting_mpc/install/micro_orbiting_mpc/lib/python3.10/site-packages/micro_orbiting_mpc/util
copying /home/raphael/micro-orbiting/src/micro_orbiting_mpc/build/micro_orbiting_mpc/build/lib/micro_orbiting_mpc/util/__init__.py -> /home/raphael/micro-orbiting/src/micro_orbiting_mpc/install/micro_orbiting_mpc/lib/python3.10/site-packages/micro_orbiting_mpc/util
copying /home/raphael/micro-orbiting/src/micro_orbiting_mpc/build/micro_orbiting_mpc/build/lib/micro_orbiting_mpc/util/get_example.py -> /home/raphael/micro-orbiting/src/micro_orbiting_mpc/install/micro_orbiting_mpc/lib/python3.10/site-packages/micro_orbiting_mpc/util
copying /home/raphael/micro-orbiting/src/micro_orbiting_mpc/build/micro_orbiting_mpc/build/lib/micro_orbiting_mpc/util/yes_no_question.py -> /home/raphael/micro-orbiting/src/micro_orbiting_mpc/install/micro_orbiting_mpc/lib/python3.10/site-packages/micro_orbiting_mpc/util
copying /home/raphael/micro-orbiting/src/micro_orbiting_mpc/build/micro_orbiting_mpc/build/lib/micro_orbiting_mpc/util/terminal_constraints.py -> /home/raphael/micro-orbiting/src/micro_orbiting_mpc/install/micro_orbiting_mpc/lib/python3.10/site-packages/micro_orbiting_mpc/util
copying /home/raphael/micro-orbiting/src/micro_orbiting_mpc/build/micro_orbiting_mpc/build/lib/micro_orbiting_mpc/util/generate_random_test_cases.py -> /home/raphael/micro-orbiting/src/micro_orbiting_mpc/install/micro_orbiting_mpc/lib/python3.10/site-packages/micro_orbiting_mpc/util
copying /home/raphael/micro-orbiting/src/micro_orbiting_mpc/build/micro_orbiting_mpc/build/lib/micro_orbiting_mpc/util/utils.py -> /home/raphael/micro-orbiting/src/micro_orbiting_mpc/install/micro_orbiting_mpc/lib/python3.10/site-packages/micro_orbiting_mpc/util
copying /home/raphael/micro-orbiting/src/micro_orbiting_mpc/build/micro_orbiting_mpc/build/lib/micro_orbiting_mpc/util/polytope.py -> /home/raphael/micro-orbiting/src/micro_orbiting_mpc/install/micro_orbiting_mpc/lib/python3.10/site-packages/micro_orbiting_mpc/util
copying /home/raphael/micro-orbiting/src/micro_orbiting_mpc/build/micro_orbiting_mpc/build/lib/micro_orbiting_mpc/util/setup_cost_fcn_db.py -> /home/raphael/micro-orbiting/src/micro_orbiting_mpc/install/micro_orbiting_mpc/lib/python3.10/site-packages/micro_orbiting_mpc/util
copying /home/raphael/micro-orbiting/src/micro_orbiting_mpc/build/micro_orbiting_mpc/build/lib/micro_orbiting_mpc/util/test_input_handler.py -> /home/raphael/micro-orbiting/src/micro_orbiting_mpc/install/micro_orbiting_mpc/lib/python3.10/site-packages/micro_orbiting_mpc/util
creating /home/raphael/micro-orbiting/src/micro_orbiting_mpc/install/micro_orbiting_mpc/lib/python3.10/site-packages/micro_orbiting_mpc/models
copying /home/raphael/micro-orbiting/src/micro_orbiting_mpc/build/micro_orbiting_mpc/build/lib/micro_orbiting_mpc/models/__init__.py -> /home/raphael/micro-orbiting/src/micro_orbiting_mpc/install/micro_orbiting_mpc/lib/python3.10/site-packages/micro_orbiting_mpc/models
copying /home/raphael/micro-orbiting/src/micro_orbiting_mpc/build/micro_orbiting_mpc/build/lib/micro_orbiting_mpc/models/ff_dynamics.py -> /home/raphael/micro-orbiting/src/micro_orbiting_mpc/install/micro_orbiting_mpc/lib/python3.10/site-packages/micro_orbiting_mpc/models
copying /home/raphael/micro-orbiting/src/micro_orbiting_mpc/build/micro_orbiting_mpc/build/lib/micro_orbiting_mpc/models/ff_input_bounds.py -> /home/raphael/micro-orbiting/src/micro_orbiting_mpc/install/micro_orbiting_mpc/lib/python3.10/site-packages/micro_orbiting_mpc/models
byte-compiling /home/raphael/micro-orbiting/src/micro_orbiting_mpc/install/micro_orbiting_mpc/lib/python3.10/site-packages/micro_orbiting_mpc/__init__.py to __init__.cpython-310.pyc
byte-compiling /home/raphael/micro-orbiting/src/micro_orbiting_mpc/install/micro_orbiting_mpc/lib/python3.10/site-packages/micro_orbiting_mpc/test/__init__.py to __init__.cpython-310.pyc
byte-compiling /home/raphael/micro-orbiting/src/micro_orbiting_mpc/install/micro_orbiting_mpc/lib/python3.10/site-packages/micro_orbiting_mpc/test/dummy.py to dummy.cpython-310.pyc
byte-compiling /home/raphael/micro-orbiting/src/micro_orbiting_mpc/install/micro_orbiting_mpc/lib/python3.10/site-packages/micro_orbiting_mpc/init_node.py to init_node.cpython-310.pyc
byte-compiling /home/raphael/micro-orbiting/src/micro_orbiting_mpc/install/micro_orbiting_mpc/lib/python3.10/site-packages/micro_orbiting_mpc/spacecraft_mpc_node.py to spacecraft_mpc_node.cpython-310.pyc
byte-compiling /home/raphael/micro-orbiting/src/micro_orbiting_mpc/install/micro_orbiting_mpc/lib/python3.10/site-packages/micro_orbiting_mpc/viz_node.py to viz_node.cpython-310.pyc
byte-compiling /home/raphael/micro-orbiting/src/micro_orbiting_mpc/install/micro_orbiting_mpc/lib/python3.10/site-packages/micro_orbiting_mpc/fault_simulation_node.py to fault_simulation_node.cpython-310.pyc
byte-compiling /home/raphael/micro-orbiting/src/micro_orbiting_mpc/install/micro_orbiting_mpc/lib/python3.10/site-packages/micro_orbiting_mpc/viz_plan.py to viz_plan.cpython-310.pyc
byte-compiling /home/raphael/micro-orbiting/src/micro_orbiting_mpc/install/micro_orbiting_mpc/lib/python3.10/site-packages/micro_orbiting_mpc/controllers/state_constants.py to state_constants.cpython-310.pyc
byte-compiling /home/raphael/micro-orbiting/src/micro_orbiting_mpc/install/micro_orbiting_mpc/lib/python3.10/site-packages/micro_orbiting_mpc/controllers/nominalMPC_no_faults/__init__.py to __init__.cpython-310.pyc
byte-compiling /home/raphael/micro-orbiting/src/micro_orbiting_mpc/install/micro_orbiting_mpc/lib/python3.10/site-packages/micro_orbiting_mpc/controllers/nominalMPC_no_faults/terminal_constraints_no_faults.py to terminal_constraints_no_faults.cpython-310.pyc
byte-compiling /home/raphael/micro-orbiting/src/micro_orbiting_mpc/install/micro_orbiting_mpc/lib/python3.10/site-packages/micro_orbiting_mpc/controllers/fb_linearizing_controller.py to fb_linearizing_controller.cpython-310.pyc
byte-compiling /home/raphael/micro-orbiting/src/micro_orbiting_mpc/install/micro_orbiting_mpc/lib/python3.10/site-packages/micro_orbiting_mpc/controllers/spiralMPC_linearizing/__init__.py to __init__.cpython-310.pyc
byte-compiling /home/raphael/micro-orbiting/src/micro_orbiting_mpc/install/micro_orbiting_mpc/lib/python3.10/site-packages/micro_orbiting_mpc/controllers/spiralMPC_linearizing/spiral_mpc_v1.py to spiral_mpc_v1.cpython-310.pyc
byte-compiling /home/raphael/micro-orbiting/src/micro_orbiting_mpc/install/micro_orbiting_mpc/lib/python3.10/site-packages/micro_orbiting_mpc/controllers/spiralMPC_linearizing/terminal_incredients_linearizing.py to terminal_incredients_linearizing.cpython-310.pyc
byte-compiling /home/raphael/micro-orbiting/src/micro_orbiting_mpc/install/micro_orbiting_mpc/lib/python3.10/site-packages/micro_orbiting_mpc/controllers/controller_mpc_base.py to controller_mpc_base.cpython-310.pyc
byte-compiling /home/raphael/micro-orbiting/src/micro_orbiting_mpc/install/micro_orbiting_mpc/lib/python3.10/site-packages/micro_orbiting_mpc/controllers/__init__.py to __init__.cpython-310.pyc
byte-compiling /home/raphael/micro-orbiting/src/micro_orbiting_mpc/install/micro_orbiting_mpc/lib/python3.10/site-packages/micro_orbiting_mpc/controllers/reactive_controller.py to reactive_controller.cpython-310.pyc
byte-compiling /home/raphael/micro-orbiting/src/micro_orbiting_mpc/install/micro_orbiting_mpc/lib/python3.10/site-packages/micro_orbiting_mpc/controllers/controller_base_class.py to controller_base_class.cpython-310.pyc
byte-compiling /home/raphael/micro-orbiting/src/micro_orbiting_mpc/install/micro_orbiting_mpc/lib/python3.10/site-packages/micro_orbiting_mpc/controllers/spiralMPC_eMPC/__init__.py to __init__.cpython-310.pyc
byte-compiling /home/raphael/micro-orbiting/src/micro_orbiting_mpc/install/micro_orbiting_mpc/lib/python3.10/site-packages/micro_orbiting_mpc/controllers/spiralMPC_eMPC/explicit_mpc_terminal_incredients.py to explicit_mpc_terminal_incredients.cpython-310.pyc
byte-compiling /home/raphael/micro-orbiting/src/micro_orbiting_mpc/install/micro_orbiting_mpc/lib/python3.10/site-packages/micro_orbiting_mpc/controllers/spiralMPC_eMPC/controller_empc.py to controller_empc.cpython-310.pyc
byte-compiling /home/raphael/micro-orbiting/src/micro_orbiting_mpc/install/micro_orbiting_mpc/lib/python3.10/site-packages/micro_orbiting_mpc/util/cost_handler.py to cost_handler.cpython-310.pyc
byte-compiling /home/raphael/micro-orbiting/src/micro_orbiting_mpc/install/micro_orbiting_mpc/lib/python3.10/site-packages/micro_orbiting_mpc/util/__init__.py to __init__.cpython-310.pyc
byte-compiling /home/raphael/micro-orbiting/src/micro_orbiting_mpc/install/micro_orbiting_mpc/lib/python3.10/site-packages/micro_orbiting_mpc/util/get_example.py to get_example.cpython-310.pyc
byte-compiling /home/raphael/micro-orbiting/src/micro_orbiting_mpc/install/micro_orbiting_mpc/lib/python3.10/site-packages/micro_orbiting_mpc/util/yes_no_question.py to yes_no_question.cpython-310.pyc
byte-compiling /home/raphael/micro-orbiting/src/micro_orbiting_mpc/install/micro_orbiting_mpc/lib/python3.10/site-packages/micro_orbiting_mpc/util/terminal_constraints.py to terminal_constraints.cpython-310.pyc
byte-compiling /home/raphael/micro-orbiting/src/micro_orbiting_mpc/install/micro_orbiting_mpc/lib/python3.10/site-packages/micro_orbiting_mpc/util/generate_random_test_cases.py to generate_random_test_cases.cpython-310.pyc
byte-compiling /home/raphael/micro-orbiting/src/micro_orbiting_mpc/install/micro_orbiting_mpc/lib/python3.10/site-packages/micro_orbiting_mpc/util/utils.py to utils.cpython-310.pyc
byte-compiling /home/raphael/micro-orbiting/src/micro_orbiting_mpc/install/micro_orbiting_mpc/lib/python3.10/site-packages/micro_orbiting_mpc/util/polytope.py to polytope.cpython-310.pyc
byte-compiling /home/raphael/micro-orbiting/src/micro_orbiting_mpc/install/micro_orbiting_mpc/lib/python3.10/site-packages/micro_orbiting_mpc/util/setup_cost_fcn_db.py to setup_cost_fcn_db.cpython-310.pyc
byte-compiling /home/raphael/micro-orbiting/src/micro_orbiting_mpc/install/micro_orbiting_mpc/lib/python3.10/site-packages/micro_orbiting_mpc/util/test_input_handler.py to test_input_handler.cpython-310.pyc
byte-compiling /home/raphael/micro-orbiting/src/micro_orbiting_mpc/install/micro_orbiting_mpc/lib/python3.10/site-packages/micro_orbiting_mpc/models/__init__.py to __init__.cpython-310.pyc
byte-compiling /home/raphael/micro-orbiting/src/micro_orbiting_mpc/install/micro_orbiting_mpc/lib/python3.10/site-packages/micro_orbiting_mpc/models/ff_dynamics.py to ff_dynamics.cpython-310.pyc
byte-compiling /home/raphael/micro-orbiting/src/micro_orbiting_mpc/install/micro_orbiting_mpc/lib/python3.10/site-packages/micro_orbiting_mpc/models/ff_input_bounds.py to ff_input_bounds.cpython-310.pyc
running install_data
creating /home/raphael/micro-orbiting/src/micro_orbiting_mpc/install/micro_orbiting_mpc/share/ament_index
creating /home/raphael/micro-orbiting/src/micro_orbiting_mpc/install/micro_orbiting_mpc/share/ament_index/resource_index
creating /home/raphael/micro-orbiting/src/micro_orbiting_mpc/install/micro_orbiting_mpc/share/ament_index/resource_index/packages
copying resource/micro_orbiting_mpc -> /home/raphael/micro-orbiting/src/micro_orbiting_mpc/install/micro_orbiting_mpc/share/ament_index/resource_index/packages
copying package.xml -> /home/raphael/micro-orbiting/src/micro_orbiting_mpc/install/micro_orbiting_mpc/share/micro_orbiting_mpc
creating /home/raphael/micro-orbiting/src/micro_orbiting_mpc/install/micro_orbiting_mpc/share/micro_orbiting_mpc/launch
copying launch/spacecraft_mpc_node.launch.py -> /home/raphael/micro-orbiting/src/micro_orbiting_mpc/install/micro_orbiting_mpc/share/micro_orbiting_mpc/launch
copying launch/reactive_spacecraft_mpc_node.launch.py -> /home/raphael/micro-orbiting/src/micro_orbiting_mpc/install/micro_orbiting_mpc/share/micro_orbiting_mpc/launch
copying launch/sim_launch.py -> /home/raphael/micro-orbiting/src/micro_orbiting_mpc/install/micro_orbiting_mpc/share/micro_orbiting_mpc/launch
creating /home/raphael/micro-orbiting/src/micro_orbiting_mpc/install/micro_orbiting_mpc/share/micro_orbiting_mpc/config
copying config/nominal_mpc.yaml -> /home/raphael/micro-orbiting/src/micro_orbiting_mpc/install/micro_orbiting_mpc/share/micro_orbiting_mpc/config
copying config/robot_parameters_gazebo.yaml -> /home/raphael/micro-orbiting/src/micro_orbiting_mpc/install/micro_orbiting_mpc/share/micro_orbiting_mpc/config
copying config/spiral_mpc_lin.yaml -> /home/raphael/micro-orbiting/src/micro_orbiting_mpc/install/micro_orbiting_mpc/share/micro_orbiting_mpc/config
copying config/feedback_lin.yaml -> /home/raphael/micro-orbiting/src/micro_orbiting_mpc/install/micro_orbiting_mpc/share/micro_orbiting_mpc/config
copying config/reactive.yaml -> /home/raphael/micro-orbiting/src/micro_orbiting_mpc/install/micro_orbiting_mpc/share/micro_orbiting_mpc/config
copying config/spiral_mpc_empc.yaml -> /home/raphael/micro-orbiting/src/micro_orbiting_mpc/install/micro_orbiting_mpc/share/micro_orbiting_mpc/config
running install_egg_info
Copying build/micro_orbiting_mpc/micro_orbiting_mpc.egg-info to /home/raphael/micro-orbiting/src/micro_orbiting_mpc/install/micro_orbiting_mpc/lib/python3.10/site-packages/micro_orbiting_mpc-0.0.1-py3.10.egg-info
running install_scripts
Installing fault_simulation_node script to /home/raphael/micro-orbiting/src/micro_orbiting_mpc/install/micro_orbiting_mpc/lib/micro_orbiting_mpc
Installing spacecraft_mpc_node script to /home/raphael/micro-orbiting/src/micro_orbiting_mpc/install/micro_orbiting_mpc/lib/micro_orbiting_mpc
Installing trajectory_init_node script to /home/raphael/micro-orbiting/src/micro_orbiting_mpc/install/micro_orbiting_mpc/lib/micro_orbiting_mpc
Installing viz_node script to /home/raphael/micro-orbiting/src/micro_orbiting_mpc/install/micro_orbiting_mpc/lib/micro_orbiting_mpc
Installing viz_plan script to /home/raphael/micro-orbiting/src/micro_orbiting_mpc/install/micro_orbiting_mpc/lib/micro_orbiting_mpc
writing list of installed files to '/home/raphael/micro-orbiting/src/micro_orbiting_mpc/build/micro_orbiting_mpc/install.log'
