[0.670s] Invoking command in '/home/raphael/micro-orbiting/src/micro_orbiting_mpc': PYTHONPATH=/home/raphael/micro-orbiting/src/micro_orbiting_mpc/build/micro_orbiting_mpc/prefix_override:/usr/lib/python3/dist-packages/colcon_core/task/python/colcon_distutils_commands:/home/raphael/micro-orbiting/src/micro_orbiting_mpc/install/micro_orbiting_mpc/lib/python3.10/site-packages:${PYTHONPATH} /usr/bin/python3 -W ignore:setup.py install is deprecated setup.py egg_info --egg-base build/micro_orbiting_mpc build --build-base /home/raphael/micro-orbiting/src/micro_orbiting_mpc/build/micro_orbiting_mpc/build install --record /home/raphael/micro-orbiting/src/micro_orbiting_mpc/build/micro_orbiting_mpc/install.log --single-version-externally-managed install_data
[0.943s] running egg_info
[0.944s] creating build/micro_orbiting_mpc/micro_orbiting_mpc.egg-info
[0.944s] writing build/micro_orbiting_mpc/micro_orbiting_mpc.egg-info/PKG-INFO
[0.944s] writing dependency_links to build/micro_orbiting_mpc/micro_orbiting_mpc.egg-info/dependency_links.txt
[0.944s] writing entry points to build/micro_orbiting_mpc/micro_orbiting_mpc.egg-info/entry_points.txt
[0.945s] writing requirements to build/micro_orbiting_mpc/micro_orbiting_mpc.egg-info/requires.txt
[0.945s] writing top-level names to build/micro_orbiting_mpc/micro_orbiting_mpc.egg-info/top_level.txt
[0.946s] writing manifest file 'build/micro_orbiting_mpc/micro_orbiting_mpc.egg-info/SOURCES.txt'
[0.950s] reading manifest file 'build/micro_orbiting_mpc/micro_orbiting_mpc.egg-info/SOURCES.txt'
[0.950s] adding license file 'LICENSE'
[0.951s] writing manifest file 'build/micro_orbiting_mpc/micro_orbiting_mpc.egg-info/SOURCES.txt'
[0.951s] running build
[0.951s] running build_py
[0.951s] creating /home/raphael/micro-orbiting/src/micro_orbiting_mpc/build/micro_orbiting_mpc/build
[0.951s] creating /home/raphael/micro-orbiting/src/micro_orbiting_mpc/build/micro_orbiting_mpc/build/lib
[0.952s] creating /home/raphael/micro-orbiting/src/micro_orbiting_mpc/build/micro_orbiting_mpc/build/lib/micro_orbiting_mpc
[0.952s] copying micro_orbiting_mpc/__init__.py -> /home/raphael/micro-orbiting/src/micro_orbiting_mpc/build/micro_orbiting_mpc/build/lib/micro_orbiting_mpc
[0.952s] copying micro_orbiting_mpc/init_node.py -> /home/raphael/micro-orbiting/src/micro_orbiting_mpc/build/micro_orbiting_mpc/build/lib/micro_orbiting_mpc
[0.952s] copying micro_orbiting_mpc/spacecraft_mpc_node.py -> /home/raphael/micro-orbiting/src/micro_orbiting_mpc/build/micro_orbiting_mpc/build/lib/micro_orbiting_mpc
[0.952s] copying micro_orbiting_mpc/viz_node.py -> /home/raphael/micro-orbiting/src/micro_orbiting_mpc/build/micro_orbiting_mpc/build/lib/micro_orbiting_mpc
[0.952s] copying micro_orbiting_mpc/fault_simulation_node.py -> /home/raphael/micro-orbiting/src/micro_orbiting_mpc/build/micro_orbiting_mpc/build/lib/micro_orbiting_mpc
[0.952s] copying micro_orbiting_mpc/viz_plan.py -> /home/raphael/micro-orbiting/src/micro_orbiting_mpc/build/micro_orbiting_mpc/build/lib/micro_orbiting_mpc
[0.952s] creating /home/raphael/micro-orbiting/src/micro_orbiting_mpc/build/micro_orbiting_mpc/build/lib/micro_orbiting_mpc/test
[0.952s] copying micro_orbiting_mpc/test/__init__.py -> /home/raphael/micro-orbiting/src/micro_orbiting_mpc/build/micro_orbiting_mpc/build/lib/micro_orbiting_mpc/test
[0.952s] copying micro_orbiting_mpc/test/dummy.py -> /home/raphael/micro-orbiting/src/micro_orbiting_mpc/build/micro_orbiting_mpc/build/lib/micro_orbiting_mpc/test
[0.953s] creating /home/raphael/micro-orbiting/src/micro_orbiting_mpc/build/micro_orbiting_mpc/build/lib/micro_orbiting_mpc/controllers
[0.953s] copying micro_orbiting_mpc/controllers/state_constants.py -> /home/raphael/micro-orbiting/src/micro_orbiting_mpc/build/micro_orbiting_mpc/build/lib/micro_orbiting_mpc/controllers
[0.953s] copying micro_orbiting_mpc/controllers/fb_linearizing_controller.py -> /home/raphael/micro-orbiting/src/micro_orbiting_mpc/build/micro_orbiting_mpc/build/lib/micro_orbiting_mpc/controllers
[0.953s] copying micro_orbiting_mpc/controllers/controller_mpc_base.py -> /home/raphael/micro-orbiting/src/micro_orbiting_mpc/build/micro_orbiting_mpc/build/lib/micro_orbiting_mpc/controllers
[0.953s] copying micro_orbiting_mpc/controllers/__init__.py -> /home/raphael/micro-orbiting/src/micro_orbiting_mpc/build/micro_orbiting_mpc/build/lib/micro_orbiting_mpc/controllers
[0.953s] copying micro_orbiting_mpc/controllers/reactive_controller.py -> /home/raphael/micro-orbiting/src/micro_orbiting_mpc/build/micro_orbiting_mpc/build/lib/micro_orbiting_mpc/controllers
[0.953s] copying micro_orbiting_mpc/controllers/controller_base_class.py -> /home/raphael/micro-orbiting/src/micro_orbiting_mpc/build/micro_orbiting_mpc/build/lib/micro_orbiting_mpc/controllers
[0.954s] creating /home/raphael/micro-orbiting/src/micro_orbiting_mpc/build/micro_orbiting_mpc/build/lib/micro_orbiting_mpc/util
[0.954s] copying micro_orbiting_mpc/util/cost_handler.py -> /home/raphael/micro-orbiting/src/micro_orbiting_mpc/build/micro_orbiting_mpc/build/lib/micro_orbiting_mpc/util
[0.954s] copying micro_orbiting_mpc/util/__init__.py -> /home/raphael/micro-orbiting/src/micro_orbiting_mpc/build/micro_orbiting_mpc/build/lib/micro_orbiting_mpc/util
[0.954s] copying micro_orbiting_mpc/util/get_example.py -> /home/raphael/micro-orbiting/src/micro_orbiting_mpc/build/micro_orbiting_mpc/build/lib/micro_orbiting_mpc/util
[0.954s] copying micro_orbiting_mpc/util/yes_no_question.py -> /home/raphael/micro-orbiting/src/micro_orbiting_mpc/build/micro_orbiting_mpc/build/lib/micro_orbiting_mpc/util
[0.954s] copying micro_orbiting_mpc/util/terminal_constraints.py -> /home/raphael/micro-orbiting/src/micro_orbiting_mpc/build/micro_orbiting_mpc/build/lib/micro_orbiting_mpc/util
[0.954s] copying micro_orbiting_mpc/util/generate_random_test_cases.py -> /home/raphael/micro-orbiting/src/micro_orbiting_mpc/build/micro_orbiting_mpc/build/lib/micro_orbiting_mpc/util
[0.954s] copying micro_orbiting_mpc/util/utils.py -> /home/raphael/micro-orbiting/src/micro_orbiting_mpc/build/micro_orbiting_mpc/build/lib/micro_orbiting_mpc/util
[0.954s] copying micro_orbiting_mpc/util/polytope.py -> /home/raphael/micro-orbiting/src/micro_orbiting_mpc/build/micro_orbiting_mpc/build/lib/micro_orbiting_mpc/util
[0.954s] copying micro_orbiting_mpc/util/setup_cost_fcn_db.py -> /home/raphael/micro-orbiting/src/micro_orbiting_mpc/build/micro_orbiting_mpc/build/lib/micro_orbiting_mpc/util
[0.955s] copying micro_orbiting_mpc/util/test_input_handler.py -> /home/raphael/micro-orbiting/src/micro_orbiting_mpc/build/micro_orbiting_mpc/build/lib/micro_orbiting_mpc/util
[0.955s] creating /home/raphael/micro-orbiting/src/micro_orbiting_mpc/build/micro_orbiting_mpc/build/lib/micro_orbiting_mpc/models
[0.955s] copying micro_orbiting_mpc/models/__init__.py -> /home/raphael/micro-orbiting/src/micro_orbiting_mpc/build/micro_orbiting_mpc/build/lib/micro_orbiting_mpc/models
[0.955s] copying micro_orbiting_mpc/models/ff_dynamics.py -> /home/raphael/micro-orbiting/src/micro_orbiting_mpc/build/micro_orbiting_mpc/build/lib/micro_orbiting_mpc/models
[0.955s] copying micro_orbiting_mpc/models/ff_input_bounds.py -> /home/raphael/micro-orbiting/src/micro_orbiting_mpc/build/micro_orbiting_mpc/build/lib/micro_orbiting_mpc/models
[0.955s] creating /home/raphael/micro-orbiting/src/micro_orbiting_mpc/build/micro_orbiting_mpc/build/lib/micro_orbiting_mpc/controllers/nominalMPC_no_faults
[0.955s] copying micro_orbiting_mpc/controllers/nominalMPC_no_faults/__init__.py -> /home/raphael/micro-orbiting/src/micro_orbiting_mpc/build/micro_orbiting_mpc/build/lib/micro_orbiting_mpc/controllers/nominalMPC_no_faults
[0.956s] copying micro_orbiting_mpc/controllers/nominalMPC_no_faults/terminal_constraints_no_faults.py -> /home/raphael/micro-orbiting/src/micro_orbiting_mpc/build/micro_orbiting_mpc/build/lib/micro_orbiting_mpc/controllers/nominalMPC_no_faults
[0.956s] creating /home/raphael/micro-orbiting/src/micro_orbiting_mpc/build/micro_orbiting_mpc/build/lib/micro_orbiting_mpc/controllers/spiralMPC_linearizing
[0.956s] copying micro_orbiting_mpc/controllers/spiralMPC_linearizing/__init__.py -> /home/raphael/micro-orbiting/src/micro_orbiting_mpc/build/micro_orbiting_mpc/build/lib/micro_orbiting_mpc/controllers/spiralMPC_linearizing
[0.956s] copying micro_orbiting_mpc/controllers/spiralMPC_linearizing/spiral_mpc_v1.py -> /home/raphael/micro-orbiting/src/micro_orbiting_mpc/build/micro_orbiting_mpc/build/lib/micro_orbiting_mpc/controllers/spiralMPC_linearizing
[0.956s] copying micro_orbiting_mpc/controllers/spiralMPC_linearizing/terminal_incredients_linearizing.py -> /home/raphael/micro-orbiting/src/micro_orbiting_mpc/build/micro_orbiting_mpc/build/lib/micro_orbiting_mpc/controllers/spiralMPC_linearizing
[0.956s] creating /home/raphael/micro-orbiting/src/micro_orbiting_mpc/build/micro_orbiting_mpc/build/lib/micro_orbiting_mpc/controllers/spiralMPC_eMPC
[0.956s] copying micro_orbiting_mpc/controllers/spiralMPC_eMPC/__init__.py -> /home/raphael/micro-orbiting/src/micro_orbiting_mpc/build/micro_orbiting_mpc/build/lib/micro_orbiting_mpc/controllers/spiralMPC_eMPC
[0.956s] copying micro_orbiting_mpc/controllers/spiralMPC_eMPC/explicit_mpc_terminal_incredients.py -> /home/raphael/micro-orbiting/src/micro_orbiting_mpc/build/micro_orbiting_mpc/build/lib/micro_orbiting_mpc/controllers/spiralMPC_eMPC
[0.957s] copying micro_orbiting_mpc/controllers/spiralMPC_eMPC/controller_empc.py -> /home/raphael/micro-orbiting/src/micro_orbiting_mpc/build/micro_orbiting_mpc/build/lib/micro_orbiting_mpc/controllers/spiralMPC_eMPC
[0.957s] running install
[0.958s] running install_lib
[0.959s] creating /home/raphael/micro-orbiting/src/micro_orbiting_mpc/install/micro_orbiting_mpc/lib/python3.10/site-packages/micro_orbiting_mpc
[0.959s] copying /home/raphael/micro-orbiting/src/micro_orbiting_mpc/build/micro_orbiting_mpc/build/lib/micro_orbiting_mpc/__init__.py -> /home/raphael/micro-orbiting/src/micro_orbiting_mpc/install/micro_orbiting_mpc/lib/python3.10/site-packages/micro_orbiting_mpc
[0.959s] creating /home/raphael/micro-orbiting/src/micro_orbiting_mpc/install/micro_orbiting_mpc/lib/python3.10/site-packages/micro_orbiting_mpc/test
[0.959s] copying /home/raphael/micro-orbiting/src/micro_orbiting_mpc/build/micro_orbiting_mpc/build/lib/micro_orbiting_mpc/test/__init__.py -> /home/raphael/micro-orbiting/src/micro_orbiting_mpc/install/micro_orbiting_mpc/lib/python3.10/site-packages/micro_orbiting_mpc/test
[0.959s] copying /home/raphael/micro-orbiting/src/micro_orbiting_mpc/build/micro_orbiting_mpc/build/lib/micro_orbiting_mpc/test/dummy.py -> /home/raphael/micro-orbiting/src/micro_orbiting_mpc/install/micro_orbiting_mpc/lib/python3.10/site-packages/micro_orbiting_mpc/test
[0.959s] copying /home/raphael/micro-orbiting/src/micro_orbiting_mpc/build/micro_orbiting_mpc/build/lib/micro_orbiting_mpc/init_node.py -> /home/raphael/micro-orbiting/src/micro_orbiting_mpc/install/micro_orbiting_mpc/lib/python3.10/site-packages/micro_orbiting_mpc
[0.959s] copying /home/raphael/micro-orbiting/src/micro_orbiting_mpc/build/micro_orbiting_mpc/build/lib/micro_orbiting_mpc/spacecraft_mpc_node.py -> /home/raphael/micro-orbiting/src/micro_orbiting_mpc/install/micro_orbiting_mpc/lib/python3.10/site-packages/micro_orbiting_mpc
[0.959s] copying /home/raphael/micro-orbiting/src/micro_orbiting_mpc/build/micro_orbiting_mpc/build/lib/micro_orbiting_mpc/viz_node.py -> /home/raphael/micro-orbiting/src/micro_orbiting_mpc/install/micro_orbiting_mpc/lib/python3.10/site-packages/micro_orbiting_mpc
[0.959s] copying /home/raphael/micro-orbiting/src/micro_orbiting_mpc/build/micro_orbiting_mpc/build/lib/micro_orbiting_mpc/fault_simulation_node.py -> /home/raphael/micro-orbiting/src/micro_orbiting_mpc/install/micro_orbiting_mpc/lib/python3.10/site-packages/micro_orbiting_mpc
[0.959s] copying /home/raphael/micro-orbiting/src/micro_orbiting_mpc/build/micro_orbiting_mpc/build/lib/micro_orbiting_mpc/viz_plan.py -> /home/raphael/micro-orbiting/src/micro_orbiting_mpc/install/micro_orbiting_mpc/lib/python3.10/site-packages/micro_orbiting_mpc
[0.960s] creating /home/raphael/micro-orbiting/src/micro_orbiting_mpc/install/micro_orbiting_mpc/lib/python3.10/site-packages/micro_orbiting_mpc/controllers
[0.960s] copying /home/raphael/micro-orbiting/src/micro_orbiting_mpc/build/micro_orbiting_mpc/build/lib/micro_orbiting_mpc/controllers/state_constants.py -> /home/raphael/micro-orbiting/src/micro_orbiting_mpc/install/micro_orbiting_mpc/lib/python3.10/site-packages/micro_orbiting_mpc/controllers
[0.960s] creating /home/raphael/micro-orbiting/src/micro_orbiting_mpc/install/micro_orbiting_mpc/lib/python3.10/site-packages/micro_orbiting_mpc/controllers/nominalMPC_no_faults
[0.960s] copying /home/raphael/micro-orbiting/src/micro_orbiting_mpc/build/micro_orbiting_mpc/build/lib/micro_orbiting_mpc/controllers/nominalMPC_no_faults/__init__.py -> /home/raphael/micro-orbiting/src/micro_orbiting_mpc/install/micro_orbiting_mpc/lib/python3.10/site-packages/micro_orbiting_mpc/controllers/nominalMPC_no_faults
[0.960s] copying /home/raphael/micro-orbiting/src/micro_orbiting_mpc/build/micro_orbiting_mpc/build/lib/micro_orbiting_mpc/controllers/nominalMPC_no_faults/terminal_constraints_no_faults.py -> /home/raphael/micro-orbiting/src/micro_orbiting_mpc/install/micro_orbiting_mpc/lib/python3.10/site-packages/micro_orbiting_mpc/controllers/nominalMPC_no_faults
[0.960s] copying /home/raphael/micro-orbiting/src/micro_orbiting_mpc/build/micro_orbiting_mpc/build/lib/micro_orbiting_mpc/controllers/fb_linearizing_controller.py -> /home/raphael/micro-orbiting/src/micro_orbiting_mpc/install/micro_orbiting_mpc/lib/python3.10/site-packages/micro_orbiting_mpc/controllers
[0.960s] creating /home/raphael/micro-orbiting/src/micro_orbiting_mpc/install/micro_orbiting_mpc/lib/python3.10/site-packages/micro_orbiting_mpc/controllers/spiralMPC_linearizing
[0.960s] copying /home/raphael/micro-orbiting/src/micro_orbiting_mpc/build/micro_orbiting_mpc/build/lib/micro_orbiting_mpc/controllers/spiralMPC_linearizing/__init__.py -> /home/raphael/micro-orbiting/src/micro_orbiting_mpc/install/micro_orbiting_mpc/lib/python3.10/site-packages/micro_orbiting_mpc/controllers/spiralMPC_linearizing
[0.960s] copying /home/raphael/micro-orbiting/src/micro_orbiting_mpc/build/micro_orbiting_mpc/build/lib/micro_orbiting_mpc/controllers/spiralMPC_linearizing/spiral_mpc_v1.py -> /home/raphael/micro-orbiting/src/micro_orbiting_mpc/install/micro_orbiting_mpc/lib/python3.10/site-packages/micro_orbiting_mpc/controllers/spiralMPC_linearizing
[0.961s] copying /home/raphael/micro-orbiting/src/micro_orbiting_mpc/build/micro_orbiting_mpc/build/lib/micro_orbiting_mpc/controllers/spiralMPC_linearizing/terminal_incredients_linearizing.py -> /home/raphael/micro-orbiting/src/micro_orbiting_mpc/install/micro_orbiting_mpc/lib/python3.10/site-packages/micro_orbiting_mpc/controllers/spiralMPC_linearizing
[0.961s] copying /home/raphael/micro-orbiting/src/micro_orbiting_mpc/build/micro_orbiting_mpc/build/lib/micro_orbiting_mpc/controllers/controller_mpc_base.py -> /home/raphael/micro-orbiting/src/micro_orbiting_mpc/install/micro_orbiting_mpc/lib/python3.10/site-packages/micro_orbiting_mpc/controllers
[0.961s] copying /home/raphael/micro-orbiting/src/micro_orbiting_mpc/build/micro_orbiting_mpc/build/lib/micro_orbiting_mpc/controllers/__init__.py -> /home/raphael/micro-orbiting/src/micro_orbiting_mpc/install/micro_orbiting_mpc/lib/python3.10/site-packages/micro_orbiting_mpc/controllers
[0.961s] copying /home/raphael/micro-orbiting/src/micro_orbiting_mpc/build/micro_orbiting_mpc/build/lib/micro_orbiting_mpc/controllers/reactive_controller.py -> /home/raphael/micro-orbiting/src/micro_orbiting_mpc/install/micro_orbiting_mpc/lib/python3.10/site-packages/micro_orbiting_mpc/controllers
[0.961s] copying /home/raphael/micro-orbiting/src/micro_orbiting_mpc/build/micro_orbiting_mpc/build/lib/micro_orbiting_mpc/controllers/controller_base_class.py -> /home/raphael/micro-orbiting/src/micro_orbiting_mpc/install/micro_orbiting_mpc/lib/python3.10/site-packages/micro_orbiting_mpc/controllers
[0.961s] creating /home/raphael/micro-orbiting/src/micro_orbiting_mpc/install/micro_orbiting_mpc/lib/python3.10/site-packages/micro_orbiting_mpc/controllers/spiralMPC_eMPC
[0.961s] copying /home/raphael/micro-orbiting/src/micro_orbiting_mpc/build/micro_orbiting_mpc/build/lib/micro_orbiting_mpc/controllers/spiralMPC_eMPC/__init__.py -> /home/raphael/micro-orbiting/src/micro_orbiting_mpc/install/micro_orbiting_mpc/lib/python3.10/site-packages/micro_orbiting_mpc/controllers/spiralMPC_eMPC
[0.961s] copying /home/raphael/micro-orbiting/src/micro_orbiting_mpc/build/micro_orbiting_mpc/build/lib/micro_orbiting_mpc/controllers/spiralMPC_eMPC/explicit_mpc_terminal_incredients.py -> /home/raphael/micro-orbiting/src/micro_orbiting_mpc/install/micro_orbiting_mpc/lib/python3.10/site-packages/micro_orbiting_mpc/controllers/spiralMPC_eMPC
[0.962s] copying /home/raphael/micro-orbiting/src/micro_orbiting_mpc/build/micro_orbiting_mpc/build/lib/micro_orbiting_mpc/controllers/spiralMPC_eMPC/controller_empc.py -> /home/raphael/micro-orbiting/src/micro_orbiting_mpc/install/micro_orbiting_mpc/lib/python3.10/site-packages/micro_orbiting_mpc/controllers/spiralMPC_eMPC
[0.962s] creating /home/raphael/micro-orbiting/src/micro_orbiting_mpc/install/micro_orbiting_mpc/lib/python3.10/site-packages/micro_orbiting_mpc/util
[0.962s] copying /home/raphael/micro-orbiting/src/micro_orbiting_mpc/build/micro_orbiting_mpc/build/lib/micro_orbiting_mpc/util/cost_handler.py -> /home/raphael/micro-orbiting/src/micro_orbiting_mpc/install/micro_orbiting_mpc/lib/python3.10/site-packages/micro_orbiting_mpc/util
[0.962s] copying /home/raphael/micro-orbiting/src/micro_orbiting_mpc/build/micro_orbiting_mpc/build/lib/micro_orbiting_mpc/util/__init__.py -> /home/raphael/micro-orbiting/src/micro_orbiting_mpc/install/micro_orbiting_mpc/lib/python3.10/site-packages/micro_orbiting_mpc/util
[0.962s] copying /home/raphael/micro-orbiting/src/micro_orbiting_mpc/build/micro_orbiting_mpc/build/lib/micro_orbiting_mpc/util/get_example.py -> /home/raphael/micro-orbiting/src/micro_orbiting_mpc/install/micro_orbiting_mpc/lib/python3.10/site-packages/micro_orbiting_mpc/util
[0.962s] copying /home/raphael/micro-orbiting/src/micro_orbiting_mpc/build/micro_orbiting_mpc/build/lib/micro_orbiting_mpc/util/yes_no_question.py -> /home/raphael/micro-orbiting/src/micro_orbiting_mpc/install/micro_orbiting_mpc/lib/python3.10/site-packages/micro_orbiting_mpc/util
[0.962s] copying /home/raphael/micro-orbiting/src/micro_orbiting_mpc/build/micro_orbiting_mpc/build/lib/micro_orbiting_mpc/util/terminal_constraints.py -> /home/raphael/micro-orbiting/src/micro_orbiting_mpc/install/micro_orbiting_mpc/lib/python3.10/site-packages/micro_orbiting_mpc/util
[0.962s] copying /home/raphael/micro-orbiting/src/micro_orbiting_mpc/build/micro_orbiting_mpc/build/lib/micro_orbiting_mpc/util/generate_random_test_cases.py -> /home/raphael/micro-orbiting/src/micro_orbiting_mpc/install/micro_orbiting_mpc/lib/python3.10/site-packages/micro_orbiting_mpc/util
[0.962s] copying /home/raphael/micro-orbiting/src/micro_orbiting_mpc/build/micro_orbiting_mpc/build/lib/micro_orbiting_mpc/util/utils.py -> /home/raphael/micro-orbiting/src/micro_orbiting_mpc/install/micro_orbiting_mpc/lib/python3.10/site-packages/micro_orbiting_mpc/util
[0.962s] copying /home/raphael/micro-orbiting/src/micro_orbiting_mpc/build/micro_orbiting_mpc/build/lib/micro_orbiting_mpc/util/polytope.py -> /home/raphael/micro-orbiting/src/micro_orbiting_mpc/install/micro_orbiting_mpc/lib/python3.10/site-packages/micro_orbiting_mpc/util
[0.963s] copying /home/raphael/micro-orbiting/src/micro_orbiting_mpc/build/micro_orbiting_mpc/build/lib/micro_orbiting_mpc/util/setup_cost_fcn_db.py -> /home/raphael/micro-orbiting/src/micro_orbiting_mpc/install/micro_orbiting_mpc/lib/python3.10/site-packages/micro_orbiting_mpc/util
[0.963s] copying /home/raphael/micro-orbiting/src/micro_orbiting_mpc/build/micro_orbiting_mpc/build/lib/micro_orbiting_mpc/util/test_input_handler.py -> /home/raphael/micro-orbiting/src/micro_orbiting_mpc/install/micro_orbiting_mpc/lib/python3.10/site-packages/micro_orbiting_mpc/util
[0.963s] creating /home/raphael/micro-orbiting/src/micro_orbiting_mpc/install/micro_orbiting_mpc/lib/python3.10/site-packages/micro_orbiting_mpc/models
[0.963s] copying /home/raphael/micro-orbiting/src/micro_orbiting_mpc/build/micro_orbiting_mpc/build/lib/micro_orbiting_mpc/models/__init__.py -> /home/raphael/micro-orbiting/src/micro_orbiting_mpc/install/micro_orbiting_mpc/lib/python3.10/site-packages/micro_orbiting_mpc/models
[0.963s] copying /home/raphael/micro-orbiting/src/micro_orbiting_mpc/build/micro_orbiting_mpc/build/lib/micro_orbiting_mpc/models/ff_dynamics.py -> /home/raphael/micro-orbiting/src/micro_orbiting_mpc/install/micro_orbiting_mpc/lib/python3.10/site-packages/micro_orbiting_mpc/models
[0.963s] copying /home/raphael/micro-orbiting/src/micro_orbiting_mpc/build/micro_orbiting_mpc/build/lib/micro_orbiting_mpc/models/ff_input_bounds.py -> /home/raphael/micro-orbiting/src/micro_orbiting_mpc/install/micro_orbiting_mpc/lib/python3.10/site-packages/micro_orbiting_mpc/models
[0.964s] byte-compiling /home/raphael/micro-orbiting/src/micro_orbiting_mpc/install/micro_orbiting_mpc/lib/python3.10/site-packages/micro_orbiting_mpc/__init__.py to __init__.cpython-310.pyc
[0.964s] byte-compiling /home/raphael/micro-orbiting/src/micro_orbiting_mpc/install/micro_orbiting_mpc/lib/python3.10/site-packages/micro_orbiting_mpc/test/__init__.py to __init__.cpython-310.pyc
[0.964s] byte-compiling /home/raphael/micro-orbiting/src/micro_orbiting_mpc/install/micro_orbiting_mpc/lib/python3.10/site-packages/micro_orbiting_mpc/test/dummy.py to dummy.cpython-310.pyc
[0.965s] byte-compiling /home/raphael/micro-orbiting/src/micro_orbiting_mpc/install/micro_orbiting_mpc/lib/python3.10/site-packages/micro_orbiting_mpc/init_node.py to init_node.cpython-310.pyc
[0.966s] byte-compiling /home/raphael/micro-orbiting/src/micro_orbiting_mpc/install/micro_orbiting_mpc/lib/python3.10/site-packages/micro_orbiting_mpc/spacecraft_mpc_node.py to spacecraft_mpc_node.cpython-310.pyc
[0.969s] byte-compiling /home/raphael/micro-orbiting/src/micro_orbiting_mpc/install/micro_orbiting_mpc/lib/python3.10/site-packages/micro_orbiting_mpc/viz_node.py to viz_node.cpython-310.pyc
[0.971s] byte-compiling /home/raphael/micro-orbiting/src/micro_orbiting_mpc/install/micro_orbiting_mpc/lib/python3.10/site-packages/micro_orbiting_mpc/fault_simulation_node.py to fault_simulation_node.cpython-310.pyc
[0.972s] byte-compiling /home/raphael/micro-orbiting/src/micro_orbiting_mpc/install/micro_orbiting_mpc/lib/python3.10/site-packages/micro_orbiting_mpc/viz_plan.py to viz_plan.cpython-310.pyc
[0.973s] byte-compiling /home/raphael/micro-orbiting/src/micro_orbiting_mpc/install/micro_orbiting_mpc/lib/python3.10/site-packages/micro_orbiting_mpc/controllers/state_constants.py to state_constants.cpython-310.pyc
[0.973s] byte-compiling /home/raphael/micro-orbiting/src/micro_orbiting_mpc/install/micro_orbiting_mpc/lib/python3.10/site-packages/micro_orbiting_mpc/controllers/nominalMPC_no_faults/__init__.py to __init__.cpython-310.pyc
[0.973s] byte-compiling /home/raphael/micro-orbiting/src/micro_orbiting_mpc/install/micro_orbiting_mpc/lib/python3.10/site-packages/micro_orbiting_mpc/controllers/nominalMPC_no_faults/terminal_constraints_no_faults.py to terminal_constraints_no_faults.cpython-310.pyc
[0.974s] byte-compiling /home/raphael/micro-orbiting/src/micro_orbiting_mpc/install/micro_orbiting_mpc/lib/python3.10/site-packages/micro_orbiting_mpc/controllers/fb_linearizing_controller.py to fb_linearizing_controller.cpython-310.pyc
[0.978s] byte-compiling /home/raphael/micro-orbiting/src/micro_orbiting_mpc/install/micro_orbiting_mpc/lib/python3.10/site-packages/micro_orbiting_mpc/controllers/spiralMPC_linearizing/__init__.py to __init__.cpython-310.pyc
[0.978s] byte-compiling /home/raphael/micro-orbiting/src/micro_orbiting_mpc/install/micro_orbiting_mpc/lib/python3.10/site-packages/micro_orbiting_mpc/controllers/spiralMPC_linearizing/spiral_mpc_v1.py to spiral_mpc_v1.cpython-310.pyc
[0.982s] byte-compiling /home/raphael/micro-orbiting/src/micro_orbiting_mpc/install/micro_orbiting_mpc/lib/python3.10/site-packages/micro_orbiting_mpc/controllers/spiralMPC_linearizing/terminal_incredients_linearizing.py to terminal_incredients_linearizing.cpython-310.pyc
[0.984s] byte-compiling /home/raphael/micro-orbiting/src/micro_orbiting_mpc/install/micro_orbiting_mpc/lib/python3.10/site-packages/micro_orbiting_mpc/controllers/controller_mpc_base.py to controller_mpc_base.cpython-310.pyc
[0.988s] byte-compiling /home/raphael/micro-orbiting/src/micro_orbiting_mpc/install/micro_orbiting_mpc/lib/python3.10/site-packages/micro_orbiting_mpc/controllers/__init__.py to __init__.cpython-310.pyc
[0.988s] byte-compiling /home/raphael/micro-orbiting/src/micro_orbiting_mpc/install/micro_orbiting_mpc/lib/python3.10/site-packages/micro_orbiting_mpc/controllers/reactive_controller.py to reactive_controller.cpython-310.pyc
[0.990s] byte-compiling /home/raphael/micro-orbiting/src/micro_orbiting_mpc/install/micro_orbiting_mpc/lib/python3.10/site-packages/micro_orbiting_mpc/controllers/controller_base_class.py to controller_base_class.cpython-310.pyc
[0.991s] byte-compiling /home/raphael/micro-orbiting/src/micro_orbiting_mpc/install/micro_orbiting_mpc/lib/python3.10/site-packages/micro_orbiting_mpc/controllers/spiralMPC_eMPC/__init__.py to __init__.cpython-310.pyc
[0.991s] byte-compiling /home/raphael/micro-orbiting/src/micro_orbiting_mpc/install/micro_orbiting_mpc/lib/python3.10/site-packages/micro_orbiting_mpc/controllers/spiralMPC_eMPC/explicit_mpc_terminal_incredients.py to explicit_mpc_terminal_incredients.cpython-310.pyc
[0.994s] byte-compiling /home/raphael/micro-orbiting/src/micro_orbiting_mpc/install/micro_orbiting_mpc/lib/python3.10/site-packages/micro_orbiting_mpc/controllers/spiralMPC_eMPC/controller_empc.py to controller_empc.cpython-310.pyc
[0.996s] byte-compiling /home/raphael/micro-orbiting/src/micro_orbiting_mpc/install/micro_orbiting_mpc/lib/python3.10/site-packages/micro_orbiting_mpc/util/cost_handler.py to cost_handler.cpython-310.pyc
[0.997s] byte-compiling /home/raphael/micro-orbiting/src/micro_orbiting_mpc/install/micro_orbiting_mpc/lib/python3.10/site-packages/micro_orbiting_mpc/util/__init__.py to __init__.cpython-310.pyc
[0.997s] byte-compiling /home/raphael/micro-orbiting/src/micro_orbiting_mpc/install/micro_orbiting_mpc/lib/python3.10/site-packages/micro_orbiting_mpc/util/get_example.py to get_example.cpython-310.pyc
[0.998s] byte-compiling /home/raphael/micro-orbiting/src/micro_orbiting_mpc/install/micro_orbiting_mpc/lib/python3.10/site-packages/micro_orbiting_mpc/util/yes_no_question.py to yes_no_question.cpython-310.pyc
[0.998s] byte-compiling /home/raphael/micro-orbiting/src/micro_orbiting_mpc/install/micro_orbiting_mpc/lib/python3.10/site-packages/micro_orbiting_mpc/util/terminal_constraints.py to terminal_constraints.cpython-310.pyc
[0.998s] byte-compiling /home/raphael/micro-orbiting/src/micro_orbiting_mpc/install/micro_orbiting_mpc/lib/python3.10/site-packages/micro_orbiting_mpc/util/generate_random_test_cases.py to generate_random_test_cases.cpython-310.pyc
[0.999s] byte-compiling /home/raphael/micro-orbiting/src/micro_orbiting_mpc/install/micro_orbiting_mpc/lib/python3.10/site-packages/micro_orbiting_mpc/util/utils.py to utils.cpython-310.pyc
[1.001s] byte-compiling /home/raphael/micro-orbiting/src/micro_orbiting_mpc/install/micro_orbiting_mpc/lib/python3.10/site-packages/micro_orbiting_mpc/util/polytope.py to polytope.cpython-310.pyc
[1.003s] byte-compiling /home/raphael/micro-orbiting/src/micro_orbiting_mpc/install/micro_orbiting_mpc/lib/python3.10/site-packages/micro_orbiting_mpc/util/setup_cost_fcn_db.py to setup_cost_fcn_db.cpython-310.pyc
[1.004s] byte-compiling /home/raphael/micro-orbiting/src/micro_orbiting_mpc/install/micro_orbiting_mpc/lib/python3.10/site-packages/micro_orbiting_mpc/util/test_input_handler.py to test_input_handler.cpython-310.pyc
[1.004s] byte-compiling /home/raphael/micro-orbiting/src/micro_orbiting_mpc/install/micro_orbiting_mpc/lib/python3.10/site-packages/micro_orbiting_mpc/models/__init__.py to __init__.cpython-310.pyc
[1.005s] byte-compiling /home/raphael/micro-orbiting/src/micro_orbiting_mpc/install/micro_orbiting_mpc/lib/python3.10/site-packages/micro_orbiting_mpc/models/ff_dynamics.py to ff_dynamics.cpython-310.pyc
[1.006s] byte-compiling /home/raphael/micro-orbiting/src/micro_orbiting_mpc/install/micro_orbiting_mpc/lib/python3.10/site-packages/micro_orbiting_mpc/models/ff_input_bounds.py to ff_input_bounds.cpython-310.pyc
[1.010s] running install_data
[1.010s] creating /home/raphael/micro-orbiting/src/micro_orbiting_mpc/install/micro_orbiting_mpc/share/ament_index
[1.010s] creating /home/raphael/micro-orbiting/src/micro_orbiting_mpc/install/micro_orbiting_mpc/share/ament_index/resource_index
[1.010s] creating /home/raphael/micro-orbiting/src/micro_orbiting_mpc/install/micro_orbiting_mpc/share/ament_index/resource_index/packages
[1.010s] copying resource/micro_orbiting_mpc -> /home/raphael/micro-orbiting/src/micro_orbiting_mpc/install/micro_orbiting_mpc/share/ament_index/resource_index/packages
[1.010s] copying package.xml -> /home/raphael/micro-orbiting/src/micro_orbiting_mpc/install/micro_orbiting_mpc/share/micro_orbiting_mpc
[1.010s] creating /home/raphael/micro-orbiting/src/micro_orbiting_mpc/install/micro_orbiting_mpc/share/micro_orbiting_mpc/launch
[1.010s] copying launch/spacecraft_mpc_node.launch.py -> /home/raphael/micro-orbiting/src/micro_orbiting_mpc/install/micro_orbiting_mpc/share/micro_orbiting_mpc/launch
[1.010s] copying launch/reactive_spacecraft_mpc_node.launch.py -> /home/raphael/micro-orbiting/src/micro_orbiting_mpc/install/micro_orbiting_mpc/share/micro_orbiting_mpc/launch
[1.010s] copying launch/sim_launch.py -> /home/raphael/micro-orbiting/src/micro_orbiting_mpc/install/micro_orbiting_mpc/share/micro_orbiting_mpc/launch
[1.010s] creating /home/raphael/micro-orbiting/src/micro_orbiting_mpc/install/micro_orbiting_mpc/share/micro_orbiting_mpc/config
[1.011s] copying config/nominal_mpc.yaml -> /home/raphael/micro-orbiting/src/micro_orbiting_mpc/install/micro_orbiting_mpc/share/micro_orbiting_mpc/config
[1.011s] copying config/robot_parameters_gazebo.yaml -> /home/raphael/micro-orbiting/src/micro_orbiting_mpc/install/micro_orbiting_mpc/share/micro_orbiting_mpc/config
[1.011s] copying config/spiral_mpc_lin.yaml -> /home/raphael/micro-orbiting/src/micro_orbiting_mpc/install/micro_orbiting_mpc/share/micro_orbiting_mpc/config
[1.011s] copying config/feedback_lin.yaml -> /home/raphael/micro-orbiting/src/micro_orbiting_mpc/install/micro_orbiting_mpc/share/micro_orbiting_mpc/config
[1.011s] copying config/reactive.yaml -> /home/raphael/micro-orbiting/src/micro_orbiting_mpc/install/micro_orbiting_mpc/share/micro_orbiting_mpc/config
[1.011s] copying config/spiral_mpc_empc.yaml -> /home/raphael/micro-orbiting/src/micro_orbiting_mpc/install/micro_orbiting_mpc/share/micro_orbiting_mpc/config
[1.011s] running install_egg_info
[1.013s] Copying build/micro_orbiting_mpc/micro_orbiting_mpc.egg-info to /home/raphael/micro-orbiting/src/micro_orbiting_mpc/install/micro_orbiting_mpc/lib/python3.10/site-packages/micro_orbiting_mpc-0.0.1-py3.10.egg-info
[1.014s] running install_scripts
[1.036s] Installing fault_simulation_node script to /home/raphael/micro-orbiting/src/micro_orbiting_mpc/install/micro_orbiting_mpc/lib/micro_orbiting_mpc
[1.036s] Installing spacecraft_mpc_node script to /home/raphael/micro-orbiting/src/micro_orbiting_mpc/install/micro_orbiting_mpc/lib/micro_orbiting_mpc
[1.036s] Installing trajectory_init_node script to /home/raphael/micro-orbiting/src/micro_orbiting_mpc/install/micro_orbiting_mpc/lib/micro_orbiting_mpc
[1.037s] Installing viz_node script to /home/raphael/micro-orbiting/src/micro_orbiting_mpc/install/micro_orbiting_mpc/lib/micro_orbiting_mpc
[1.037s] Installing viz_plan script to /home/raphael/micro-orbiting/src/micro_orbiting_mpc/install/micro_orbiting_mpc/lib/micro_orbiting_mpc
[1.038s] writing list of installed files to '/home/raphael/micro-orbiting/src/micro_orbiting_mpc/build/micro_orbiting_mpc/install.log'
[1.084s] Invoked command in '/home/raphael/micro-orbiting/src/micro_orbiting_mpc' returned '0': PYTHONPATH=/home/raphael/micro-orbiting/src/micro_orbiting_mpc/build/micro_orbiting_mpc/prefix_override:/usr/lib/python3/dist-packages/colcon_core/task/python/colcon_distutils_commands:/home/raphael/micro-orbiting/src/micro_orbiting_mpc/install/micro_orbiting_mpc/lib/python3.10/site-packages:${PYTHONPATH} /usr/bin/python3 -W ignore:setup.py install is deprecated setup.py egg_info --egg-base build/micro_orbiting_mpc build --build-base /home/raphael/micro-orbiting/src/micro_orbiting_mpc/build/micro_orbiting_mpc/build install --record /home/raphael/micro-orbiting/src/micro_orbiting_mpc/build/micro_orbiting_mpc/install.log --single-version-externally-managed install_data
