[0.104s] DEBUG:colcon:Command line arguments: ['/usr/bin/colcon', 'build', '--packages-select', 'micro_orbiting_mpc']
[0.104s] DEBUG:colcon:Parsed command line arguments: Namespace(log_base=None, log_level=None, verb_name='build', build_base='build', install_base='install', merge_install=False, symlink_install=False, test_result_base=None, continue_on_error=False, executor='parallel', parallel_workers=16, event_handlers=None, ignore_user_meta=False, metas=['./colcon.meta'], base_paths=['.'], packages_ignore=None, packages_ignore_regex=None, paths=None, packages_up_to=None, packages_up_to_regex=None, packages_above=None, packages_above_and_dependencies=None, packages_above_depth=None, packages_select_by_dep=None, packages_skip_by_dep=None, packages_skip_up_to=None, packages_select_build_failed=False, packages_skip_build_finished=False, packages_select_test_failures=False, packages_skip_test_passed=False, packages_select=['micro_orbiting_mpc'], packages_skip=None, packages_select_regex=None, packages_skip_regex=None, packages_start=None, packages_end=None, allow_overriding=[], cmake_args=None, cmake_target=None, cmake_target_skip_unavailable=False, cmake_clean_cache=False, cmake_clean_first=False, cmake_force_configure=False, ament_cmake_args=None, catkin_cmake_args=None, catkin_skip_building_tests=False, mixin_files=None, mixin=None, verb_parser=<colcon_mixin.mixin.mixin_argument.MixinArgumentDecorator object at 0x7c7c0e552470>, verb_extension=<colcon_core.verb.build.BuildVerb object at 0x7c7c0e6cb910>, main=<bound method BuildVerb.main of <colcon_core.verb.build.BuildVerb object at 0x7c7c0e6cb910>>, mixin_verb=('build',))
[0.289s] Level 1:colcon.colcon_core.package_discovery:discover_packages(colcon_meta) check parameters
[0.289s] Level 1:colcon.colcon_core.package_discovery:discover_packages(recursive) check parameters
[0.289s] Level 1:colcon.colcon_core.package_discovery:discover_packages(ignore) check parameters
[0.289s] Level 1:colcon.colcon_core.package_discovery:discover_packages(path) check parameters
[0.289s] Level 1:colcon.colcon_core.package_discovery:discover_packages(colcon_meta) discover
[0.289s] Level 1:colcon.colcon_core.package_discovery:discover_packages(recursive) discover
[0.289s] INFO:colcon.colcon_core.package_discovery:Crawling recursively for packages in '/home/raphael/micro-orbiting/src/micro_orbiting_mpc'
[0.289s] Level 1:colcon.colcon_core.package_identification:_identify(.) by extensions ['ignore', 'ignore_ament_install']
[0.289s] Level 1:colcon.colcon_core.package_identification:_identify(.) by extension 'ignore'
[0.289s] Level 1:colcon.colcon_core.package_identification:_identify(.) by extension 'ignore_ament_install'
[0.289s] Level 1:colcon.colcon_core.package_identification:_identify(.) by extensions ['colcon_pkg']
[0.289s] Level 1:colcon.colcon_core.package_identification:_identify(.) by extension 'colcon_pkg'
[0.289s] Level 1:colcon.colcon_core.package_identification:_identify(.) by extensions ['colcon_meta']
[0.289s] Level 1:colcon.colcon_core.package_identification:_identify(.) by extension 'colcon_meta'
[0.289s] Level 1:colcon.colcon_core.package_identification:_identify(.) by extensions ['ros']
[0.289s] Level 1:colcon.colcon_core.package_identification:_identify(.) by extension 'ros'
[0.301s] DEBUG:colcon.colcon_core.package_identification:Package '.' with type 'ros.ament_python' and name 'micro_orbiting_mpc'
[0.301s] Level 1:colcon.colcon_core.package_discovery:discover_packages(recursive) using defaults
[0.301s] Level 1:colcon.colcon_core.package_discovery:discover_packages(ignore) discover
[0.301s] Level 1:colcon.colcon_core.package_discovery:discover_packages(ignore) using defaults
[0.302s] Level 1:colcon.colcon_core.package_discovery:discover_packages(path) discover
[0.302s] Level 1:colcon.colcon_core.package_discovery:discover_packages(path) using defaults
[0.320s] Level 1:colcon.colcon_core.package_discovery:discover_packages(prefix_path) check parameters
[0.320s] Level 1:colcon.colcon_core.package_discovery:discover_packages(prefix_path) discover
[0.322s] DEBUG:colcon.colcon_installed_package_information.package_discovery:Found 1 installed packages in /home/raphael/px4_msgs_ws/install
[0.322s] DEBUG:colcon.colcon_installed_package_information.package_discovery:Found 2 installed packages in /home/raphael/micro-orbiting/install
[0.323s] DEBUG:colcon.colcon_installed_package_information.package_discovery:Found 272 installed packages in /opt/ros/humble
[0.325s] Level 1:colcon.colcon_core.package_discovery:discover_packages(prefix_path) using defaults
[0.356s] Level 5:colcon.colcon_core.verb:set package 'micro_orbiting_mpc' build argument 'cmake_args' from command line to 'None'
[0.356s] Level 5:colcon.colcon_core.verb:set package 'micro_orbiting_mpc' build argument 'cmake_target' from command line to 'None'
[0.356s] Level 5:colcon.colcon_core.verb:set package 'micro_orbiting_mpc' build argument 'cmake_target_skip_unavailable' from command line to 'False'
[0.356s] Level 5:colcon.colcon_core.verb:set package 'micro_orbiting_mpc' build argument 'cmake_clean_cache' from command line to 'False'
[0.356s] Level 5:colcon.colcon_core.verb:set package 'micro_orbiting_mpc' build argument 'cmake_clean_first' from command line to 'False'
[0.356s] Level 5:colcon.colcon_core.verb:set package 'micro_orbiting_mpc' build argument 'cmake_force_configure' from command line to 'False'
[0.356s] Level 5:colcon.colcon_core.verb:set package 'micro_orbiting_mpc' build argument 'ament_cmake_args' from command line to 'None'
[0.356s] Level 5:colcon.colcon_core.verb:set package 'micro_orbiting_mpc' build argument 'catkin_cmake_args' from command line to 'None'
[0.356s] Level 5:colcon.colcon_core.verb:set package 'micro_orbiting_mpc' build argument 'catkin_skip_building_tests' from command line to 'False'
[0.356s] DEBUG:colcon.colcon_core.verb:Building package 'micro_orbiting_mpc' with the following arguments: {'ament_cmake_args': None, 'build_base': '/home/raphael/micro-orbiting/src/micro_orbiting_mpc/build/micro_orbiting_mpc', 'catkin_cmake_args': None, 'catkin_skip_building_tests': False, 'cmake_args': None, 'cmake_clean_cache': False, 'cmake_clean_first': False, 'cmake_force_configure': False, 'cmake_target': None, 'cmake_target_skip_unavailable': False, 'install_base': '/home/raphael/micro-orbiting/src/micro_orbiting_mpc/install/micro_orbiting_mpc', 'merge_install': False, 'path': '/home/raphael/micro-orbiting/src/micro_orbiting_mpc', 'symlink_install': False, 'test_result_base': None}
[0.356s] INFO:colcon.colcon_core.executor:Executing jobs using 'parallel' executor
[0.357s] DEBUG:colcon.colcon_parallel_executor.executor.parallel:run_until_complete
[0.357s] INFO:colcon.colcon_ros.task.ament_python.build:Building ROS package in '/home/raphael/micro-orbiting/src/micro_orbiting_mpc' with build type 'ament_python'
[0.357s] Level 1:colcon.colcon_core.shell:create_environment_hook('micro_orbiting_mpc', 'ament_prefix_path')
[0.359s] INFO:colcon.colcon_core.plugin_system:Skipping extension 'colcon_core.shell.bat': Not used on non-Windows systems
[0.359s] INFO:colcon.colcon_core.shell:Creating environment hook '/home/raphael/micro-orbiting/src/micro_orbiting_mpc/install/micro_orbiting_mpc/share/micro_orbiting_mpc/hook/ament_prefix_path.ps1'
[0.360s] INFO:colcon.colcon_core.shell:Creating environment descriptor '/home/raphael/micro-orbiting/src/micro_orbiting_mpc/install/micro_orbiting_mpc/share/micro_orbiting_mpc/hook/ament_prefix_path.dsv'
[0.360s] INFO:colcon.colcon_core.shell:Creating environment hook '/home/raphael/micro-orbiting/src/micro_orbiting_mpc/install/micro_orbiting_mpc/share/micro_orbiting_mpc/hook/ament_prefix_path.sh'
[0.361s] INFO:colcon.colcon_core.shell:Skip shell extension 'powershell' for command environment: Not usable outside of PowerShell
[0.361s] DEBUG:colcon.colcon_core.shell:Skip shell extension 'dsv' for command environment
[0.647s] INFO:colcon.colcon_core.task.python.build:Building Python package in '/home/raphael/micro-orbiting/src/micro_orbiting_mpc'
[0.648s] INFO:colcon.colcon_core.shell:Skip shell extension 'powershell' for command environment: Not usable outside of PowerShell
[0.648s] DEBUG:colcon.colcon_core.shell:Skip shell extension 'dsv' for command environment
[1.040s] DEBUG:colcon.colcon_core.event_handler.log_command:Invoking command in '/home/raphael/micro-orbiting/src/micro_orbiting_mpc': PYTHONPATH=/home/raphael/micro-orbiting/src/micro_orbiting_mpc/build/micro_orbiting_mpc/prefix_override:/usr/lib/python3/dist-packages/colcon_core/task/python/colcon_distutils_commands:/home/raphael/micro-orbiting/src/micro_orbiting_mpc/install/micro_orbiting_mpc/lib/python3.10/site-packages:${PYTHONPATH} /usr/bin/python3 -W ignore:setup.py install is deprecated setup.py egg_info --egg-base build/micro_orbiting_mpc build --build-base /home/raphael/micro-orbiting/src/micro_orbiting_mpc/build/micro_orbiting_mpc/build install --record /home/raphael/micro-orbiting/src/micro_orbiting_mpc/build/micro_orbiting_mpc/install.log --single-version-externally-managed install_data
[1.358s] DEBUG:colcon.colcon_core.event_handler.log_command:Invoked command in '/home/raphael/micro-orbiting/src/micro_orbiting_mpc' returned '0': PYTHONPATH=/home/raphael/micro-orbiting/src/micro_orbiting_mpc/build/micro_orbiting_mpc/prefix_override:/usr/lib/python3/dist-packages/colcon_core/task/python/colcon_distutils_commands:/home/raphael/micro-orbiting/src/micro_orbiting_mpc/install/micro_orbiting_mpc/lib/python3.10/site-packages:${PYTHONPATH} /usr/bin/python3 -W ignore:setup.py install is deprecated setup.py egg_info --egg-base build/micro_orbiting_mpc build --build-base /home/raphael/micro-orbiting/src/micro_orbiting_mpc/build/micro_orbiting_mpc/build install --record /home/raphael/micro-orbiting/src/micro_orbiting_mpc/build/micro_orbiting_mpc/install.log --single-version-externally-managed install_data
[1.359s] Level 1:colcon.colcon_core.environment:checking '/home/raphael/micro-orbiting/src/micro_orbiting_mpc/install/micro_orbiting_mpc' for CMake module files
[1.360s] Level 1:colcon.colcon_core.environment:checking '/home/raphael/micro-orbiting/src/micro_orbiting_mpc/install/micro_orbiting_mpc' for CMake config files
[1.361s] Level 1:colcon.colcon_core.environment:checking '/home/raphael/micro-orbiting/src/micro_orbiting_mpc/install/micro_orbiting_mpc/lib'
[1.361s] Level 1:colcon.colcon_core.environment:checking '/home/raphael/micro-orbiting/src/micro_orbiting_mpc/install/micro_orbiting_mpc/bin'
[1.361s] Level 1:colcon.colcon_core.environment:checking '/home/raphael/micro-orbiting/src/micro_orbiting_mpc/install/micro_orbiting_mpc/lib/pkgconfig/micro_orbiting_mpc.pc'
[1.361s] Level 1:colcon.colcon_core.environment:checking '/home/raphael/micro-orbiting/src/micro_orbiting_mpc/install/micro_orbiting_mpc/lib/python3.10/site-packages'
[1.361s] Level 1:colcon.colcon_core.shell:create_environment_hook('micro_orbiting_mpc', 'pythonpath')
[1.362s] INFO:colcon.colcon_core.shell:Creating environment hook '/home/raphael/micro-orbiting/src/micro_orbiting_mpc/install/micro_orbiting_mpc/share/micro_orbiting_mpc/hook/pythonpath.ps1'
[1.362s] INFO:colcon.colcon_core.shell:Creating environment descriptor '/home/raphael/micro-orbiting/src/micro_orbiting_mpc/install/micro_orbiting_mpc/share/micro_orbiting_mpc/hook/pythonpath.dsv'
[1.362s] INFO:colcon.colcon_core.shell:Creating environment hook '/home/raphael/micro-orbiting/src/micro_orbiting_mpc/install/micro_orbiting_mpc/share/micro_orbiting_mpc/hook/pythonpath.sh'
[1.363s] Level 1:colcon.colcon_core.environment:checking '/home/raphael/micro-orbiting/src/micro_orbiting_mpc/install/micro_orbiting_mpc/bin'
[1.363s] Level 1:colcon.colcon_core.environment:create_environment_scripts_only(micro_orbiting_mpc)
[1.363s] INFO:colcon.colcon_core.shell:Creating package script '/home/raphael/micro-orbiting/src/micro_orbiting_mpc/install/micro_orbiting_mpc/share/micro_orbiting_mpc/package.ps1'
[1.364s] INFO:colcon.colcon_core.shell:Creating package descriptor '/home/raphael/micro-orbiting/src/micro_orbiting_mpc/install/micro_orbiting_mpc/share/micro_orbiting_mpc/package.dsv'
[1.365s] INFO:colcon.colcon_core.shell:Creating package script '/home/raphael/micro-orbiting/src/micro_orbiting_mpc/install/micro_orbiting_mpc/share/micro_orbiting_mpc/package.sh'
[1.365s] INFO:colcon.colcon_core.shell:Creating package script '/home/raphael/micro-orbiting/src/micro_orbiting_mpc/install/micro_orbiting_mpc/share/micro_orbiting_mpc/package.bash'
[1.366s] INFO:colcon.colcon_core.shell:Creating package script '/home/raphael/micro-orbiting/src/micro_orbiting_mpc/install/micro_orbiting_mpc/share/micro_orbiting_mpc/package.zsh'
[1.367s] Level 1:colcon.colcon_core.environment:create_file_with_runtime_dependencies(/home/raphael/micro-orbiting/src/micro_orbiting_mpc/install/micro_orbiting_mpc/share/colcon-core/packages/micro_orbiting_mpc)
[1.367s] DEBUG:colcon.colcon_parallel_executor.executor.parallel:closing loop
[1.368s] DEBUG:colcon.colcon_parallel_executor.executor.parallel:loop closed
[1.368s] DEBUG:colcon.colcon_parallel_executor.executor.parallel:run_until_complete finished with '0'
[1.368s] DEBUG:colcon.colcon_core.event_reactor:joining thread
[1.372s] INFO:colcon.colcon_core.plugin_system:Skipping extension 'colcon_notification.desktop_notification.terminal_notifier': Not used on non-Darwin systems
[1.372s] INFO:colcon.colcon_core.plugin_system:Skipping extension 'colcon_notification.desktop_notification.win32': Not used on non-Windows systems
[1.372s] INFO:colcon.colcon_notification.desktop_notification:Sending desktop notification using 'notify2'
[1.386s] DEBUG:colcon.colcon_core.event_reactor:joined thread
[1.387s] INFO:colcon.colcon_core.shell:Creating prefix script '/home/raphael/micro-orbiting/src/micro_orbiting_mpc/install/local_setup.ps1'
[1.389s] INFO:colcon.colcon_core.shell:Creating prefix util module '/home/raphael/micro-orbiting/src/micro_orbiting_mpc/install/_local_setup_util_ps1.py'
[1.391s] INFO:colcon.colcon_core.shell:Creating prefix chain script '/home/raphael/micro-orbiting/src/micro_orbiting_mpc/install/setup.ps1'
[1.393s] INFO:colcon.colcon_core.shell:Creating prefix script '/home/raphael/micro-orbiting/src/micro_orbiting_mpc/install/local_setup.sh'
[1.394s] INFO:colcon.colcon_core.shell:Creating prefix util module '/home/raphael/micro-orbiting/src/micro_orbiting_mpc/install/_local_setup_util_sh.py'
[1.395s] INFO:colcon.colcon_core.shell:Creating prefix chain script '/home/raphael/micro-orbiting/src/micro_orbiting_mpc/install/setup.sh'
[1.398s] INFO:colcon.colcon_core.shell:Creating prefix script '/home/raphael/micro-orbiting/src/micro_orbiting_mpc/install/local_setup.bash'
[1.399s] INFO:colcon.colcon_core.shell:Creating prefix chain script '/home/raphael/micro-orbiting/src/micro_orbiting_mpc/install/setup.bash'
[1.401s] INFO:colcon.colcon_core.shell:Creating prefix script '/home/raphael/micro-orbiting/src/micro_orbiting_mpc/install/local_setup.zsh'
[1.402s] INFO:colcon.colcon_core.shell:Creating prefix chain script '/home/raphael/micro-orbiting/src/micro_orbiting_mpc/install/setup.zsh'
